#
# There is insufficient memory for the Java Runtime Environment to continue.
# Native memory allocation (mmap) failed to map 423624704 bytes for G1 virtual space
# Possible reasons:
#   The system is out of physical RAM or swap space
#   The process is running with CompressedOops enabled, and the Java Heap may be blocking the growth of the native heap
# Possible solutions:
#   Reduce memory load on the system
#   Increase physical memory or swap space
#   Check if swap backing store is full
#   Decrease Java heap size (-Xmx/-Xms)
#   Decrease number of Java threads
#   Decrease Java thread stack sizes (-Xss)
#   Set larger code cache with -XX:ReservedCodeCacheSize=
#   JVM is running with Unscaled Compressed Oops mode in which the Java heap is
#     placed in the first 4GB address space. The Java Heap base address is the
#     maximum limit for the native heap growth. Please use -XX:HeapBaseMinAddress
#     to set the Java Heap base and to place the Java Heap above 4GB virtual address.
# This output file may be truncated or incomplete.
#
#  Out of Memory Error (os_windows.cpp:3550), pid=26764, tid=30916
#
# JRE version: Java(TM) SE Runtime Environment (17.0.8+9) (build 17.0.8+9-LTS-211)
# Java VM: Java HotSpot(TM) 64-Bit Server VM (17.0.8+9-LTS-211, mixed mode, emulated-client, sharing, tiered, compressed oops, compressed class ptrs, g1 gc, windows-amd64)
# No core dump will be written. Minidumps are not enabled by default on client versions of Windows
#

---------------  S U M M A R Y ------------

Command Line: -XX:TieredStopAtLevel=1 -Dspring.output.ansi.enabled=always -Dcom.sun.management.jmxremote -Dspring.jmx.enabled=true -Dspring.liveBeansView.mbeanDomain -Dspring.application.admin.enabled=true -Dmanagement.endpoints.jmx.exposure.include=* -javaagent:D:\IDE\IntelliJ\ideaIU-2023.2.6.win\lib\idea_rt.jar=14985:D:\IDE\IntelliJ\ideaIU-2023.2.6.win\bin -Dfile.encoding=UTF-8 com.poly.salestshirt.SalesTshirtWebappApplication

Host: AMD Ryzen 7 5800H with Radeon Graphics         , 16 cores, 5G,  Windows 11 , 64 bit Build 22621 (10.0.22621.3672)
Time: Thu Jul  4 03:35:00 2024 SE Asia Standard Time elapsed time: 57.167797 seconds (0d 0h 0m 57s)

---------------  T H R E A D  ---------------

Current thread (0x000001bed656e1f0):  VMThread "VM Thread" [stack: 0x000000b1f6700000,0x000000b1f6800000] [id=30916]

Stack: [0x000000b1f6700000,0x000000b1f6800000]
Native frames: (J=compiled Java code, j=interpreted, Vv=VM code, C=native code)
V  [jvm.dll+0x677d0a]
V  [jvm.dll+0x7d8c54]
V  [jvm.dll+0x7da3fe]
V  [jvm.dll+0x7daa63]
V  [jvm.dll+0x245c5f]
V  [jvm.dll+0x674bb9]
V  [jvm.dll+0x6694f2]
V  [jvm.dll+0x3031d6]
V  [jvm.dll+0x30a756]
V  [jvm.dll+0x359f9e]
V  [jvm.dll+0x35a1cf]
V  [jvm.dll+0x2da3e8]
V  [jvm.dll+0x2d87f5]
V  [jvm.dll+0x2d7dfc]
V  [jvm.dll+0x31b4cb]
V  [jvm.dll+0x7df26b]
V  [jvm.dll+0x7dffa4]
V  [jvm.dll+0x7e04bd]
V  [jvm.dll+0x7e0894]
V  [jvm.dll+0x7e0960]
V  [jvm.dll+0x788bba]
V  [jvm.dll+0x676b35]
C  [ucrtbase.dll+0x29333]
C  [KERNEL32.DLL+0x1257d]
C  [ntdll.dll+0x5af28]

VM_Operation (0x000000b1f90f3f10): G1CollectForAllocation, mode: safepoint, requested by thread 0x000001bedc1c0240


---------------  P R O C E S S  ---------------

Threads class SMR info:
_java_thread_list=0x000001bedb3760e0, length=36, elements={
0x000001bed6571de0, 0x000001bed6572c50, 0x000001bed65855e0, 0x000001bed6586450,
0x000001bed658af30, 0x000001bed658b8e0, 0x000001bed658c750, 0x000001bed6598650,
0x000001bed655c810, 0x000001bedb0c8f40, 0x000001bedb0c9f90, 0x000001bedb1ed7f0,
0x000001bedbecd080, 0x000001bedbf071d0, 0x000001bedc1bca90, 0x000001bedc1bcf60,
0x000001bedc679aa0, 0x000001bedc1c0240, 0x000001bedc1bf8a0, 0x000001bedc1c0710,
0x000001bedc1bfd70, 0x000001bedc1bef00, 0x000001bedc1bf3d0, 0x000001bedc6d5d60,
0x000001bedc6d7570, 0x000001bedc6d2d40, 0x000001bedc6d3210, 0x000001bedc6d6230,
0x000001bedc6d1530, 0x000001bedc6d4080, 0x000001bedc6d70a0, 0x000001bedc6d7a40,
0x000001bedc6d6bd0, 0x000001bedc6d5890, 0x000001bedb27d180, 0x000001bed694f100
}

Java Threads: ( => current thread )
  0x000001bed6571de0 JavaThread "Reference Handler" daemon [_thread_blocked, id=25988, stack(0x000000b1f6800000,0x000000b1f6900000)]
  0x000001bed6572c50 JavaThread "Finalizer" daemon [_thread_blocked, id=37848, stack(0x000000b1f6900000,0x000000b1f6a00000)]
  0x000001bed65855e0 JavaThread "Signal Dispatcher" daemon [_thread_blocked, id=3700, stack(0x000000b1f6a00000,0x000000b1f6b00000)]
  0x000001bed6586450 JavaThread "Attach Listener" daemon [_thread_blocked, id=21444, stack(0x000000b1f6b00000,0x000000b1f6c00000)]
  0x000001bed658af30 JavaThread "Service Thread" daemon [_thread_blocked, id=36672, stack(0x000000b1f6c00000,0x000000b1f6d00000)]
  0x000001bed658b8e0 JavaThread "Monitor Deflation Thread" daemon [_thread_blocked, id=37184, stack(0x000000b1f6d00000,0x000000b1f6e00000)]
  0x000001bed658c750 JavaThread "C1 CompilerThread0" daemon [_thread_blocked, id=36840, stack(0x000000b1f6e00000,0x000000b1f6f00000)]
  0x000001bed6598650 JavaThread "Sweeper thread" daemon [_thread_blocked, id=22396, stack(0x000000b1f6f00000,0x000000b1f7000000)]
  0x000001bed655c810 JavaThread "Common-Cleaner" daemon [_thread_blocked, id=7156, stack(0x000000b1f7000000,0x000000b1f7100000)]
  0x000001bedb0c8f40 JavaThread "Monitor Ctrl-Break" daemon [_thread_in_native, id=23792, stack(0x000000b1f7300000,0x000000b1f7400000)]
  0x000001bedb0c9f90 JavaThread "Notification Thread" daemon [_thread_blocked, id=37508, stack(0x000000b1f7400000,0x000000b1f7500000)]
  0x000001bedb1ed7f0 JavaThread "RMI TCP Accept-0" daemon [_thread_in_native, id=30620, stack(0x000000b1f7600000,0x000000b1f7700000)]
  0x000001bedbecd080 JavaThread "RMI TCP Connection(idle)" daemon [_thread_blocked, id=7628, stack(0x000000b1f8000000,0x000000b1f8100000)]
  0x000001bedbf071d0 JavaThread "RMI Scheduler(0)" daemon [_thread_blocked, id=34860, stack(0x000000b1f8c00000,0x000000b1f8d00000)]
  0x000001bedc1bca90 JavaThread "Catalina-utility-1" [_thread_blocked, id=23616, stack(0x000000b1f8d00000,0x000000b1f8e00000)]
  0x000001bedc1bcf60 JavaThread "Catalina-utility-2" [_thread_blocked, id=26920, stack(0x000000b1f8e00000,0x000000b1f8f00000)]
  0x000001bedc679aa0 JavaThread "http-nio-8080-exec-1" daemon [_thread_blocked, id=31716, stack(0x000000b1f8f00000,0x000000b1f9000000)]
  0x000001bedc1c0240 JavaThread "http-nio-8080-exec-2" daemon [_thread_blocked, id=34040, stack(0x000000b1f9000000,0x000000b1f9100000)]
  0x000001bedc1bf8a0 JavaThread "http-nio-8080-exec-3" daemon [_thread_blocked, id=17008, stack(0x000000b1f9100000,0x000000b1f9200000)]
  0x000001bedc1c0710 JavaThread "http-nio-8080-exec-4" daemon [_thread_blocked, id=28748, stack(0x000000b1f9200000,0x000000b1f9300000)]
  0x000001bedc1bfd70 JavaThread "http-nio-8080-exec-5" daemon [_thread_blocked, id=6548, stack(0x000000b1f9300000,0x000000b1f9400000)]
  0x000001bedc1bef00 JavaThread "http-nio-8080-exec-6" daemon [_thread_blocked, id=24560, stack(0x000000b1f9400000,0x000000b1f9500000)]
  0x000001bedc1bf3d0 JavaThread "http-nio-8080-exec-7" daemon [_thread_blocked, id=30000, stack(0x000000b1f9500000,0x000000b1f9600000)]
  0x000001bedc6d5d60 JavaThread "http-nio-8080-exec-8" daemon [_thread_blocked, id=20404, stack(0x000000b1f9600000,0x000000b1f9700000)]
  0x000001bedc6d7570 JavaThread "http-nio-8080-exec-9" daemon [_thread_blocked, id=35336, stack(0x000000b1f9700000,0x000000b1f9800000)]
  0x000001bedc6d2d40 JavaThread "http-nio-8080-exec-10" daemon [_thread_blocked, id=25120, stack(0x000000b1f9800000,0x000000b1f9900000)]
  0x000001bedc6d3210 JavaThread "container-0" [_thread_blocked, id=24024, stack(0x000000b1f9900000,0x000000b1f9a00000)]
  0x000001bedc6d6230 JavaThread "mssql-jdbc-shared-timer-core-0" daemon [_thread_blocked, id=26604, stack(0x000000b1f9b00000,0x000000b1f9c00000)]
  0x000001bedc6d1530 JavaThread "HikariPool-1 housekeeper" daemon [_thread_blocked, id=13308, stack(0x000000b1f9c00000,0x000000b1f9d00000)]
  0x000001bedc6d4080 JavaThread "File Watcher" daemon [_thread_blocked, id=7752, stack(0x000000b1fa400000,0x000000b1fa500000)]
  0x000001bedc6d70a0 JavaThread "Live Reload Server" daemon [_thread_in_native, id=30072, stack(0x000000b1fa600000,0x000000b1fa700000)]
  0x000001bedc6d7a40 JavaThread "http-nio-8080-Poller" daemon [_thread_in_native, id=33260, stack(0x000000b1fa500000,0x000000b1fa600000)]
  0x000001bedc6d6bd0 JavaThread "http-nio-8080-Acceptor" daemon [_thread_in_native, id=36616, stack(0x000000b1fa700000,0x000000b1fa800000)]
  0x000001bedc6d5890 JavaThread "DestroyJavaVM" [_thread_blocked, id=36932, stack(0x000000b1f6100000,0x000000b1f6200000)]
  0x000001bedb27d180 JavaThread "C1 CompilerThread1" daemon [_thread_blocked, id=17152, stack(0x000000b1f7500000,0x000000b1f7600000)]
  0x000001bed694f100 JavaThread "C1 CompilerThread2" daemon [_thread_blocked, id=6656, stack(0x000000b1f7e00000,0x000000b1f7f00000)]

Other Threads:
=>0x000001bed656e1f0 VMThread "VM Thread" [stack: 0x000000b1f6700000,0x000000b1f6800000] [id=30916]
  0x000001bec4f8e5b0 WatcherThread [stack: 0x000000b1f7700000,0x000000b1f7800000] [id=24756]
  0x000001bec4f4c100 GCTaskThread "GC Thread#0" [stack: 0x000000b1f6200000,0x000000b1f6300000] [id=23248]
  0x000001bedb5f0280 GCTaskThread "GC Thread#1" [stack: 0x000000b1f7800000,0x000000b1f7900000] [id=34948]
  0x000001bedb638b90 GCTaskThread "GC Thread#2" [stack: 0x000000b1f7900000,0x000000b1f7a00000] [id=35260]
  0x000001bedb638e40 GCTaskThread "GC Thread#3" [stack: 0x000000b1f7a00000,0x000000b1f7b00000] [id=7688]
  0x000001bedb6390f0 GCTaskThread "GC Thread#4" [stack: 0x000000b1f7b00000,0x000000b1f7c00000] [id=26936]
  0x000001bedb6393a0 GCTaskThread "GC Thread#5" [stack: 0x000000b1f7c00000,0x000000b1f7d00000] [id=30184]
  0x000001bedb63a270 GCTaskThread "GC Thread#6" [stack: 0x000000b1f7d00000,0x000000b1f7e00000] [id=33880]
  0x000001bedb7fecb0 GCTaskThread "GC Thread#7" [stack: 0x000000b1f8100000,0x000000b1f8200000] [id=33892]
  0x000001bedb910170 GCTaskThread "GC Thread#8" [stack: 0x000000b1f8200000,0x000000b1f8300000] [id=29880]
  0x000001bedbcd63a0 GCTaskThread "GC Thread#9" [stack: 0x000000b1f8600000,0x000000b1f8700000] [id=35732]
  0x000001bedbd555f0 GCTaskThread "GC Thread#10" [stack: 0x000000b1f8700000,0x000000b1f8800000] [id=36176]
  0x000001bedbdc7810 GCTaskThread "GC Thread#11" [stack: 0x000000b1f8800000,0x000000b1f8900000] [id=25012]
  0x000001bedbdc7ac0 GCTaskThread "GC Thread#12" [stack: 0x000000b1f8900000,0x000000b1f8a00000] [id=3500]
  0x000001bec4f58bc0 ConcurrentGCThread "G1 Main Marker" [stack: 0x000000b1f6300000,0x000000b1f6400000] [id=18152]
  0x000001bec4f595d0 ConcurrentGCThread "G1 Conc#0" [stack: 0x000000b1f6400000,0x000000b1f6500000] [id=10492]
  0x000001bedbe07380 ConcurrentGCThread "G1 Conc#1" [stack: 0x000000b1f8a00000,0x000000b1f8b00000] [id=16084]
  0x000001bedbe08900 ConcurrentGCThread "G1 Conc#2" [stack: 0x000000b1f8b00000,0x000000b1f8c00000] [id=30672]
  0x000001bed64324d0 ConcurrentGCThread "G1 Refine#0" [stack: 0x000000b1f6500000,0x000000b1f6600000] [id=24668]
  0x000001bedd4fb8b0 ConcurrentGCThread "G1 Refine#1" [stack: 0x000000b1f9e00000,0x000000b1f9f00000] [id=34084]
  0x000001bedd4f7080 ConcurrentGCThread "G1 Refine#2" [stack: 0x000000b1f9f00000,0x000000b1fa000000] [id=29660]
  0x000001bedd4f7360 ConcurrentGCThread "G1 Refine#3" [stack: 0x000000b1fa000000,0x000000b1fa100000] [id=31780]
  0x000001bedd4f7640 ConcurrentGCThread "G1 Refine#4" [stack: 0x000000b1fa100000,0x000000b1fa200000] [id=2060]
  0x000001bedd4f8d40 ConcurrentGCThread "G1 Refine#5" [stack: 0x000000b1fa200000,0x000000b1fa300000] [id=31268]
  0x000001bedd4f7920 ConcurrentGCThread "G1 Refine#6" [stack: 0x000000b1fa300000,0x000000b1fa400000] [id=3756]
  0x000001bed6432ef0 ConcurrentGCThread "G1 Service" [stack: 0x000000b1f6600000,0x000000b1f6700000] [id=29784]

Threads with active compile tasks:

VM state: at safepoint (normal execution)

VM Mutex/Monitor currently owned by a thread:  ([mutex/lock_event])
[0x000001bec4efcb60] Threads_lock - owner thread: 0x000001bed656e1f0
[0x000001bec4efce30] Heap_lock - owner thread: 0x000001bedc1c0240

Heap address: 0x00000000a2400000, size: 1500 MB, Compressed Oops mode: 32-bit

CDS archive(s) mapped at: [0x000001be80000000-0x000001be80bd0000-0x000001be80bd0000), size 12386304, SharedBaseAddress: 0x000001be80000000, ArchiveRelocationMode: 1.
Compressed class space mapped at: 0x000001be81000000-0x000001bec1000000, reserved size: 1073741824
Narrow klass base: 0x000001be80000000, Narrow klass shift: 0, Narrow klass range: 0x100000000

GC Precious Log:
 CPUs: 16 total, 16 available
 Memory: 5996M
 Large Page Support: Disabled
 NUMA Support: Disabled
 Compressed Oops: Enabled (32-bit)
 Heap Region Size: 1M
 Heap Min Capacity: 8M
 Heap Initial Capacity: 94M
 Heap Max Capacity: 1500M
 Pre-touch: Disabled
 Parallel Workers: 13
 Concurrent Workers: 3
 Concurrent Refinement Workers: 13
 Periodic GC: Disabled

Heap:
 garbage-first heap   total 235520K, used 92762K [0x00000000a2400000, 0x0000000100000000)
  region size 1024K, 9 young (9216K), 9 survivors (9216K)
 Metaspace       used 84586K, committed 85312K, reserved 1179648K
  class space    used 11966K, committed 12288K, reserved 1048576K

Heap Regions: E=young(eden), S=young(survivor), O=old, HS=humongous(starts), HC=humongous(continues), CS=collection set, F=free, OA=open archive, CA=closed archive, TAMS=top-at-mark-start (previous, next)
|   0|0x00000000a2400000, 0x00000000a2500000, 0x00000000a2500000|100%|HS|  |TAMS 0x00000000a2500000, 0x00000000a2400000| Complete 
|   1|0x00000000a2500000, 0x00000000a2600000, 0x00000000a2600000|100%| O|  |TAMS 0x00000000a2600000, 0x00000000a2500000| Untracked 
|   2|0x00000000a2600000, 0x00000000a2700000, 0x00000000a2700000|100%| O|  |TAMS 0x00000000a2700000, 0x00000000a2600000| Untracked 
|   3|0x00000000a2700000, 0x00000000a2800000, 0x00000000a2800000|100%| O|  |TAMS 0x00000000a2800000, 0x00000000a2700000| Untracked 
|   4|0x00000000a2800000, 0x00000000a2900000, 0x00000000a2900000|100%| O|  |TAMS 0x00000000a2900000, 0x00000000a2800000| Untracked 
|   5|0x00000000a2900000, 0x00000000a2a00000, 0x00000000a2a00000|100%| O|  |TAMS 0x00000000a2a00000, 0x00000000a2900000| Untracked 
|   6|0x00000000a2a00000, 0x00000000a2b00000, 0x00000000a2b00000|100%| O|  |TAMS 0x00000000a2b00000, 0x00000000a2a00000| Untracked 
|   7|0x00000000a2b00000, 0x00000000a2c00000, 0x00000000a2c00000|100%| O|  |TAMS 0x00000000a2c00000, 0x00000000a2b00000| Untracked 
|   8|0x00000000a2c00000, 0x00000000a2d00000, 0x00000000a2d00000|100%| O|  |TAMS 0x00000000a2d00000, 0x00000000a2c00000| Untracked 
|   9|0x00000000a2d00000, 0x00000000a2e00000, 0x00000000a2e00000|100%| O|  |TAMS 0x00000000a2e00000, 0x00000000a2d00000| Untracked 
|  10|0x00000000a2e00000, 0x00000000a2f00000, 0x00000000a2f00000|100%| O|  |TAMS 0x00000000a2f00000, 0x00000000a2e00000| Untracked 
|  11|0x00000000a2f00000, 0x00000000a3000000, 0x00000000a3000000|100%| O|  |TAMS 0x00000000a3000000, 0x00000000a2f00000| Untracked 
|  12|0x00000000a3000000, 0x00000000a3100000, 0x00000000a3100000|100%| O|  |TAMS 0x00000000a3100000, 0x00000000a3000000| Untracked 
|  13|0x00000000a3100000, 0x00000000a3200000, 0x00000000a3200000|100%| O|  |TAMS 0x00000000a3200000, 0x00000000a3100000| Untracked 
|  14|0x00000000a3200000, 0x00000000a3300000, 0x00000000a3300000|100%| O|  |TAMS 0x00000000a3200000, 0x00000000a3200000| Untracked 
|  15|0x00000000a3300000, 0x00000000a3400000, 0x00000000a3400000|100%| O|  |TAMS 0x00000000a3400000, 0x00000000a3300000| Untracked 
|  16|0x00000000a3400000, 0x00000000a3500000, 0x00000000a3500000|100%| O|  |TAMS 0x00000000a3500000, 0x00000000a3400000| Untracked 
|  17|0x00000000a3500000, 0x00000000a3600000, 0x00000000a3600000|100%| O|  |TAMS 0x00000000a3600000, 0x00000000a3500000| Untracked 
|  18|0x00000000a3600000, 0x00000000a3700000, 0x00000000a3700000|100%| O|  |TAMS 0x00000000a3700000, 0x00000000a3600000| Untracked 
|  19|0x00000000a3700000, 0x00000000a3800000, 0x00000000a3800000|100%| O|  |TAMS 0x00000000a3800000, 0x00000000a3700000| Untracked 
|  20|0x00000000a3800000, 0x00000000a3900000, 0x00000000a3900000|100%| O|  |TAMS 0x00000000a3900000, 0x00000000a3800000| Untracked 
|  21|0x00000000a3900000, 0x00000000a3a00000, 0x00000000a3a00000|100%| O|  |TAMS 0x00000000a3a00000, 0x00000000a3900000| Untracked 
|  22|0x00000000a3a00000, 0x00000000a3b00000, 0x00000000a3b00000|100%| O|  |TAMS 0x00000000a3b00000, 0x00000000a3a00000| Untracked 
|  23|0x00000000a3b00000, 0x00000000a3c00000, 0x00000000a3c00000|100%| O|  |TAMS 0x00000000a3c00000, 0x00000000a3b00000| Untracked 
|  24|0x00000000a3c00000, 0x00000000a3d00000, 0x00000000a3d00000|100%| O|  |TAMS 0x00000000a3d00000, 0x00000000a3c00000| Untracked 
|  25|0x00000000a3d00000, 0x00000000a3e00000, 0x00000000a3e00000|100%| O|  |TAMS 0x00000000a3e00000, 0x00000000a3d00000| Untracked 
|  26|0x00000000a3e00000, 0x00000000a3f00000, 0x00000000a3f00000|100%| O|  |TAMS 0x00000000a3f00000, 0x00000000a3e00000| Untracked 
|  27|0x00000000a3f00000, 0x00000000a4000000, 0x00000000a4000000|100%| O|  |TAMS 0x00000000a4000000, 0x00000000a3f00000| Untracked 
|  28|0x00000000a4000000, 0x00000000a4100000, 0x00000000a4100000|100%| O|  |TAMS 0x00000000a4100000, 0x00000000a4000000| Untracked 
|  29|0x00000000a4100000, 0x00000000a4200000, 0x00000000a4200000|100%| O|  |TAMS 0x00000000a4200000, 0x00000000a4100000| Untracked 
|  30|0x00000000a4200000, 0x00000000a4300000, 0x00000000a4300000|100%| O|  |TAMS 0x00000000a4300000, 0x00000000a4200000| Untracked 
|  31|0x00000000a4300000, 0x00000000a4400000, 0x00000000a4400000|100%| O|  |TAMS 0x00000000a4400000, 0x00000000a4300000| Untracked 
|  32|0x00000000a4400000, 0x00000000a4500000, 0x00000000a4500000|100%| O|  |TAMS 0x00000000a4500000, 0x00000000a4400000| Untracked 
|  33|0x00000000a4500000, 0x00000000a4600000, 0x00000000a4600000|100%| O|  |TAMS 0x00000000a4600000, 0x00000000a4500000| Untracked 
|  34|0x00000000a4600000, 0x00000000a4700000, 0x00000000a4700000|100%| O|  |TAMS 0x00000000a4700000, 0x00000000a4600000| Untracked 
|  35|0x00000000a4700000, 0x00000000a4800000, 0x00000000a4800000|100%| O|  |TAMS 0x00000000a4800000, 0x00000000a4700000| Untracked 
|  36|0x00000000a4800000, 0x00000000a4900000, 0x00000000a4900000|100%| O|  |TAMS 0x00000000a4900000, 0x00000000a4800000| Untracked 
|  37|0x00000000a4900000, 0x00000000a4a00000, 0x00000000a4a00000|100%| O|  |TAMS 0x00000000a4a00000, 0x00000000a4900000| Untracked 
|  38|0x00000000a4a00000, 0x00000000a4b00000, 0x00000000a4b00000|100%| O|  |TAMS 0x00000000a4b00000, 0x00000000a4a00000| Untracked 
|  39|0x00000000a4b00000, 0x00000000a4c00000, 0x00000000a4c00000|100%| O|  |TAMS 0x00000000a4c00000, 0x00000000a4b00000| Untracked 
|  40|0x00000000a4c00000, 0x00000000a4d00000, 0x00000000a4d00000|100%| O|  |TAMS 0x00000000a4d00000, 0x00000000a4c00000| Untracked 
|  41|0x00000000a4d00000, 0x00000000a4e00000, 0x00000000a4e00000|100%| O|  |TAMS 0x00000000a4e00000, 0x00000000a4d00000| Untracked 
|  42|0x00000000a4e00000, 0x00000000a4f00000, 0x00000000a4f00000|100%| O|  |TAMS 0x00000000a4f00000, 0x00000000a4e00000| Untracked 
|  43|0x00000000a4f00000, 0x00000000a5000000, 0x00000000a5000000|100%| O|  |TAMS 0x00000000a4f0a800, 0x00000000a4f00000| Untracked 
|  44|0x00000000a5000000, 0x00000000a5100000, 0x00000000a5100000|100%| O|  |TAMS 0x00000000a5000000, 0x00000000a5000000| Untracked 
|  45|0x00000000a5100000, 0x00000000a5200000, 0x00000000a5200000|100%| O|  |TAMS 0x00000000a5100000, 0x00000000a5100000| Untracked 
|  46|0x00000000a5200000, 0x00000000a5300000, 0x00000000a5300000|100%| O|  |TAMS 0x00000000a5200000, 0x00000000a5200000| Untracked 
|  47|0x00000000a5300000, 0x00000000a5400000, 0x00000000a5400000|100%| O|  |TAMS 0x00000000a5300000, 0x00000000a5300000| Untracked 
|  48|0x00000000a5400000, 0x00000000a5500000, 0x00000000a5500000|100%| O|  |TAMS 0x00000000a5400000, 0x00000000a5400000| Untracked 
|  49|0x00000000a5500000, 0x00000000a5600000, 0x00000000a5600000|100%| O|  |TAMS 0x00000000a5500000, 0x00000000a5500000| Untracked 
|  50|0x00000000a5600000, 0x00000000a5700000, 0x00000000a5700000|100%| O|  |TAMS 0x00000000a5600000, 0x00000000a5600000| Untracked 
|  51|0x00000000a5700000, 0x00000000a5800000, 0x00000000a5800000|100%| O|  |TAMS 0x00000000a5700000, 0x00000000a5700000| Untracked 
|  52|0x00000000a5800000, 0x00000000a5900000, 0x00000000a5900000|100%|HS|  |TAMS 0x00000000a5800000, 0x00000000a5800000| Complete 
|  53|0x00000000a5900000, 0x00000000a5a00000, 0x00000000a5a00000|100%| O|  |TAMS 0x00000000a5900000, 0x00000000a5900000| Untracked 
|  54|0x00000000a5a00000, 0x00000000a5b00000, 0x00000000a5b00000|100%| O|  |TAMS 0x00000000a5a00000, 0x00000000a5a00000| Untracked 
|  55|0x00000000a5b00000, 0x00000000a5c00000, 0x00000000a5c00000|100%| O|  |TAMS 0x00000000a5b00000, 0x00000000a5b00000| Untracked 
|  56|0x00000000a5c00000, 0x00000000a5d00000, 0x00000000a5d00000|100%| O|  |TAMS 0x00000000a5c00000, 0x00000000a5c00000| Untracked 
|  57|0x00000000a5d00000, 0x00000000a5e00000, 0x00000000a5e00000|100%| O|  |TAMS 0x00000000a5d00000, 0x00000000a5d00000| Untracked 
|  58|0x00000000a5e00000, 0x00000000a5f00000, 0x00000000a5f00000|100%| O|  |TAMS 0x00000000a5e00000, 0x00000000a5e00000| Untracked 
|  59|0x00000000a5f00000, 0x00000000a6000000, 0x00000000a6000000|100%| O|  |TAMS 0x00000000a5f00000, 0x00000000a5f00000| Untracked 
|  60|0x00000000a6000000, 0x00000000a6100000, 0x00000000a6100000|100%| O|  |TAMS 0x00000000a6000000, 0x00000000a6000000| Untracked 
|  61|0x00000000a6100000, 0x00000000a6200000, 0x00000000a6200000|100%| O|  |TAMS 0x00000000a6100000, 0x00000000a6100000| Untracked 
|  62|0x00000000a6200000, 0x00000000a6300000, 0x00000000a6300000|100%| O|  |TAMS 0x00000000a6200000, 0x00000000a6200000| Untracked 
|  63|0x00000000a6300000, 0x00000000a6400000, 0x00000000a6400000|100%| O|  |TAMS 0x00000000a6300000, 0x00000000a6300000| Untracked 
|  64|0x00000000a6400000, 0x00000000a6500000, 0x00000000a6500000|100%| O|  |TAMS 0x00000000a6400000, 0x00000000a6400000| Untracked 
|  65|0x00000000a6500000, 0x00000000a6600000, 0x00000000a6600000|100%| O|  |TAMS 0x00000000a6500000, 0x00000000a6500000| Untracked 
|  66|0x00000000a6600000, 0x00000000a6700000, 0x00000000a6700000|100%| O|  |TAMS 0x00000000a6600000, 0x00000000a6600000| Untracked 
|  67|0x00000000a6700000, 0x00000000a6800000, 0x00000000a6800000|100%| O|  |TAMS 0x00000000a6700000, 0x00000000a6700000| Untracked 
|  68|0x00000000a6800000, 0x00000000a6900000, 0x00000000a6900000|100%| O|  |TAMS 0x00000000a6800000, 0x00000000a6800000| Untracked 
|  69|0x00000000a6900000, 0x00000000a6a00000, 0x00000000a6a00000|100%| O|  |TAMS 0x00000000a6900000, 0x00000000a6900000| Untracked 
|  70|0x00000000a6a00000, 0x00000000a6b00000, 0x00000000a6b00000|100%| O|  |TAMS 0x00000000a6a00000, 0x00000000a6a00000| Untracked 
|  71|0x00000000a6b00000, 0x00000000a6c00000, 0x00000000a6c00000|100%| O|  |TAMS 0x00000000a6b00000, 0x00000000a6b00000| Untracked 
|  72|0x00000000a6c00000, 0x00000000a6d00000, 0x00000000a6d00000|100%| O|  |TAMS 0x00000000a6c00000, 0x00000000a6c00000| Untracked 
|  73|0x00000000a6d00000, 0x00000000a6e00000, 0x00000000a6e00000|100%| O|  |TAMS 0x00000000a6d00000, 0x00000000a6d00000| Untracked 
|  74|0x00000000a6e00000, 0x00000000a6f00000, 0x00000000a6f00000|100%| O|  |TAMS 0x00000000a6e00000, 0x00000000a6e00000| Untracked 
|  75|0x00000000a6f00000, 0x00000000a7000000, 0x00000000a7000000|100%| O|  |TAMS 0x00000000a6f00000, 0x00000000a6f00000| Untracked 
|  76|0x00000000a7000000, 0x00000000a7100000, 0x00000000a7100000|100%| O|  |TAMS 0x00000000a7000000, 0x00000000a7000000| Untracked 
|  77|0x00000000a7100000, 0x00000000a7200000, 0x00000000a7200000|100%| O|  |TAMS 0x00000000a7100000, 0x00000000a7100000| Untracked 
|  78|0x00000000a7200000, 0x00000000a7300000, 0x00000000a7300000|100%| O|  |TAMS 0x00000000a7200000, 0x00000000a7200000| Untracked 
|  79|0x00000000a7300000, 0x00000000a7400000, 0x00000000a7400000|100%| O|  |TAMS 0x00000000a7300000, 0x00000000a7300000| Untracked 
|  80|0x00000000a7400000, 0x00000000a7500000, 0x00000000a7500000|100%| O|  |TAMS 0x00000000a7400000, 0x00000000a7400000| Untracked 
|  81|0x00000000a7500000, 0x00000000a7600000, 0x00000000a7600000|100%| O|  |TAMS 0x00000000a7500000, 0x00000000a7500000| Untracked 
|  82|0x00000000a7600000, 0x00000000a7635000, 0x00000000a7700000| 20%| O|  |TAMS 0x00000000a7600000, 0x00000000a7600000| Untracked 
|  83|0x00000000a7700000, 0x00000000a7700000, 0x00000000a7800000|  0%| F|  |TAMS 0x00000000a7700000, 0x00000000a7700000| Untracked 
|  84|0x00000000a7800000, 0x00000000a7800000, 0x00000000a7900000|  0%| F|  |TAMS 0x00000000a7800000, 0x00000000a7800000| Untracked 
|  85|0x00000000a7900000, 0x00000000a7900000, 0x00000000a7a00000|  0%| F|  |TAMS 0x00000000a7900000, 0x00000000a7900000| Untracked 
|  86|0x00000000a7a00000, 0x00000000a7a00000, 0x00000000a7b00000|  0%| F|  |TAMS 0x00000000a7a00000, 0x00000000a7a00000| Untracked 
|  87|0x00000000a7b00000, 0x00000000a7b00000, 0x00000000a7c00000|  0%| F|  |TAMS 0x00000000a7b00000, 0x00000000a7b00000| Untracked 
|  88|0x00000000a7c00000, 0x00000000a7c00000, 0x00000000a7d00000|  0%| F|  |TAMS 0x00000000a7c00000, 0x00000000a7c00000| Untracked 
|  89|0x00000000a7d00000, 0x00000000a7d00000, 0x00000000a7e00000|  0%| F|  |TAMS 0x00000000a7d00000, 0x00000000a7d00000| Untracked 
|  90|0x00000000a7e00000, 0x00000000a7e00000, 0x00000000a7f00000|  0%| F|  |TAMS 0x00000000a7e00000, 0x00000000a7e00000| Untracked 
|  91|0x00000000a7f00000, 0x00000000a7f00000, 0x00000000a8000000|  0%| F|  |TAMS 0x00000000a7f00000, 0x00000000a7f00000| Untracked 
|  92|0x00000000a8000000, 0x00000000a8000000, 0x00000000a8100000|  0%| F|  |TAMS 0x00000000a8000000, 0x00000000a8000000| Untracked 
|  93|0x00000000a8100000, 0x00000000a8100000, 0x00000000a8200000|  0%| F|  |TAMS 0x00000000a8100000, 0x00000000a8100000| Untracked 
|  94|0x00000000a8200000, 0x00000000a8200000, 0x00000000a8300000|  0%| F|  |TAMS 0x00000000a8200000, 0x00000000a8200000| Untracked 
|  95|0x00000000a8300000, 0x00000000a8300000, 0x00000000a8400000|  0%| F|  |TAMS 0x00000000a8300000, 0x00000000a8300000| Untracked 
|  96|0x00000000a8400000, 0x00000000a8400000, 0x00000000a8500000|  0%| F|  |TAMS 0x00000000a8400000, 0x00000000a8400000| Untracked 
|  97|0x00000000a8500000, 0x00000000a8500000, 0x00000000a8600000|  0%| F|  |TAMS 0x00000000a8500000, 0x00000000a8500000| Untracked 
|  98|0x00000000a8600000, 0x00000000a8600000, 0x00000000a8700000|  0%| F|  |TAMS 0x00000000a8600000, 0x00000000a8600000| Untracked 
|  99|0x00000000a8700000, 0x00000000a8700000, 0x00000000a8800000|  0%| F|  |TAMS 0x00000000a8700000, 0x00000000a8700000| Untracked 
| 100|0x00000000a8800000, 0x00000000a8800000, 0x00000000a8900000|  0%| F|  |TAMS 0x00000000a8800000, 0x00000000a8800000| Untracked 
| 101|0x00000000a8900000, 0x00000000a8900000, 0x00000000a8a00000|  0%| F|  |TAMS 0x00000000a8900000, 0x00000000a8900000| Untracked 
| 102|0x00000000a8a00000, 0x00000000a8a00000, 0x00000000a8b00000|  0%| F|  |TAMS 0x00000000a8a00000, 0x00000000a8a00000| Untracked 
| 103|0x00000000a8b00000, 0x00000000a8b00000, 0x00000000a8c00000|  0%| F|  |TAMS 0x00000000a8b00000, 0x00000000a8b00000| Untracked 
| 104|0x00000000a8c00000, 0x00000000a8c00000, 0x00000000a8d00000|  0%| F|  |TAMS 0x00000000a8c00000, 0x00000000a8c00000| Untracked 
| 105|0x00000000a8d00000, 0x00000000a8d00000, 0x00000000a8e00000|  0%| F|  |TAMS 0x00000000a8d00000, 0x00000000a8d00000| Untracked 
| 106|0x00000000a8e00000, 0x00000000a8e00000, 0x00000000a8f00000|  0%| F|  |TAMS 0x00000000a8e00000, 0x00000000a8e00000| Untracked 
| 107|0x00000000a8f00000, 0x00000000a8f00000, 0x00000000a9000000|  0%| F|  |TAMS 0x00000000a8f00000, 0x00000000a8f00000| Untracked 
| 108|0x00000000a9000000, 0x00000000a9000000, 0x00000000a9100000|  0%| F|  |TAMS 0x00000000a9000000, 0x00000000a9000000| Untracked 
| 109|0x00000000a9100000, 0x00000000a9100000, 0x00000000a9200000|  0%| F|  |TAMS 0x00000000a9100000, 0x00000000a9100000| Untracked 
| 110|0x00000000a9200000, 0x00000000a9200000, 0x00000000a9300000|  0%| F|  |TAMS 0x00000000a9200000, 0x00000000a9200000| Untracked 
| 111|0x00000000a9300000, 0x00000000a9300000, 0x00000000a9400000|  0%| F|  |TAMS 0x00000000a9300000, 0x00000000a9300000| Untracked 
| 112|0x00000000a9400000, 0x00000000a9400000, 0x00000000a9500000|  0%| F|  |TAMS 0x00000000a9400000, 0x00000000a9400000| Untracked 
| 113|0x00000000a9500000, 0x00000000a9500000, 0x00000000a9600000|  0%| F|  |TAMS 0x00000000a9500000, 0x00000000a9500000| Untracked 
| 114|0x00000000a9600000, 0x00000000a9600000, 0x00000000a9700000|  0%| F|  |TAMS 0x00000000a9600000, 0x00000000a9600000| Untracked 
| 115|0x00000000a9700000, 0x00000000a9700000, 0x00000000a9800000|  0%| F|  |TAMS 0x00000000a9700000, 0x00000000a9700000| Untracked 
| 116|0x00000000a9800000, 0x00000000a9800000, 0x00000000a9900000|  0%| F|  |TAMS 0x00000000a9800000, 0x00000000a9800000| Untracked 
| 117|0x00000000a9900000, 0x00000000a9900000, 0x00000000a9a00000|  0%| F|  |TAMS 0x00000000a9900000, 0x00000000a9900000| Untracked 
| 118|0x00000000a9a00000, 0x00000000a9a00000, 0x00000000a9b00000|  0%| F|  |TAMS 0x00000000a9a00000, 0x00000000a9a00000| Untracked 
| 119|0x00000000a9b00000, 0x00000000a9b00000, 0x00000000a9c00000|  0%| F|  |TAMS 0x00000000a9b00000, 0x00000000a9b00000| Untracked 
| 120|0x00000000a9c00000, 0x00000000a9c00000, 0x00000000a9d00000|  0%| F|  |TAMS 0x00000000a9c00000, 0x00000000a9c00000| Untracked 
| 121|0x00000000a9d00000, 0x00000000a9d00000, 0x00000000a9e00000|  0%| F|  |TAMS 0x00000000a9d00000, 0x00000000a9d00000| Untracked 
| 122|0x00000000a9e00000, 0x00000000a9e00000, 0x00000000a9f00000|  0%| F|  |TAMS 0x00000000a9e00000, 0x00000000a9e00000| Untracked 
| 123|0x00000000a9f00000, 0x00000000a9f00000, 0x00000000aa000000|  0%| F|  |TAMS 0x00000000a9f00000, 0x00000000a9f00000| Untracked 
| 124|0x00000000aa000000, 0x00000000aa000000, 0x00000000aa100000|  0%| F|  |TAMS 0x00000000aa000000, 0x00000000aa000000| Untracked 
| 125|0x00000000aa100000, 0x00000000aa100000, 0x00000000aa200000|  0%| F|  |TAMS 0x00000000aa100000, 0x00000000aa100000| Untracked 
| 126|0x00000000aa200000, 0x00000000aa200000, 0x00000000aa300000|  0%| F|  |TAMS 0x00000000aa200000, 0x00000000aa200000| Untracked 
| 127|0x00000000aa300000, 0x00000000aa300000, 0x00000000aa400000|  0%| F|  |TAMS 0x00000000aa300000, 0x00000000aa300000| Untracked 
| 128|0x00000000aa400000, 0x00000000aa400000, 0x00000000aa500000|  0%| F|  |TAMS 0x00000000aa400000, 0x00000000aa400000| Untracked 
| 129|0x00000000aa500000, 0x00000000aa500000, 0x00000000aa600000|  0%| F|  |TAMS 0x00000000aa500000, 0x00000000aa500000| Untracked 
| 130|0x00000000aa600000, 0x00000000aa600000, 0x00000000aa700000|  0%| F|  |TAMS 0x00000000aa600000, 0x00000000aa600000| Untracked 
| 131|0x00000000aa700000, 0x00000000aa700000, 0x00000000aa800000|  0%| F|  |TAMS 0x00000000aa700000, 0x00000000aa700000| Untracked 
| 132|0x00000000aa800000, 0x00000000aa800000, 0x00000000aa900000|  0%| F|  |TAMS 0x00000000aa800000, 0x00000000aa800000| Untracked 
| 133|0x00000000aa900000, 0x00000000aa961990, 0x00000000aaa00000| 38%| S|CS|TAMS 0x00000000aa900000, 0x00000000aa900000| Complete 
| 134|0x00000000aaa00000, 0x00000000aab00000, 0x00000000aab00000|100%| S|CS|TAMS 0x00000000aaa00000, 0x00000000aaa00000| Complete 
| 135|0x00000000aab00000, 0x00000000aac00000, 0x00000000aac00000|100%| S|CS|TAMS 0x00000000aab00000, 0x00000000aab00000| Complete 
| 136|0x00000000aac00000, 0x00000000aad00000, 0x00000000aad00000|100%| S|CS|TAMS 0x00000000aac00000, 0x00000000aac00000| Complete 
| 137|0x00000000aad00000, 0x00000000aae00000, 0x00000000aae00000|100%| S|CS|TAMS 0x00000000aad00000, 0x00000000aad00000| Complete 
| 138|0x00000000aae00000, 0x00000000aaf00000, 0x00000000aaf00000|100%| S|CS|TAMS 0x00000000aae00000, 0x00000000aae00000| Complete 
| 139|0x00000000aaf00000, 0x00000000aaf00000, 0x00000000ab000000|  0%| F|  |TAMS 0x00000000aaf00000, 0x00000000aaf00000| Untracked 
| 140|0x00000000ab000000, 0x00000000ab000000, 0x00000000ab100000|  0%| F|  |TAMS 0x00000000ab000000, 0x00000000ab000000| Untracked 
| 141|0x00000000ab100000, 0x00000000ab100000, 0x00000000ab200000|  0%| F|  |TAMS 0x00000000ab100000, 0x00000000ab100000| Untracked 
| 142|0x00000000ab200000, 0x00000000ab300000, 0x00000000ab300000|100%| S|CS|TAMS 0x00000000ab200000, 0x00000000ab200000| Complete 
| 143|0x00000000ab300000, 0x00000000ab400000, 0x00000000ab400000|100%| S|CS|TAMS 0x00000000ab300000, 0x00000000ab300000| Complete 
| 144|0x00000000ab400000, 0x00000000ab500000, 0x00000000ab500000|100%| S|CS|TAMS 0x00000000ab400000, 0x00000000ab400000| Complete 
| 145|0x00000000ab500000, 0x00000000ab500000, 0x00000000ab600000|  0%| F|  |TAMS 0x00000000ab500000, 0x00000000ab500000| Untracked 
| 146|0x00000000ab600000, 0x00000000ab600000, 0x00000000ab700000|  0%| F|  |TAMS 0x00000000ab600000, 0x00000000ab600000| Untracked 
| 147|0x00000000ab700000, 0x00000000ab700000, 0x00000000ab800000|  0%| F|  |TAMS 0x00000000ab700000, 0x00000000ab700000| Untracked 
| 148|0x00000000ab800000, 0x00000000ab800000, 0x00000000ab900000|  0%| F|  |TAMS 0x00000000ab800000, 0x00000000ab800000| Untracked 
| 149|0x00000000ab900000, 0x00000000ab900000, 0x00000000aba00000|  0%| F|  |TAMS 0x00000000ab900000, 0x00000000ab900000| Untracked 
| 150|0x00000000aba00000, 0x00000000aba00000, 0x00000000abb00000|  0%| F|  |TAMS 0x00000000aba00000, 0x00000000aba00000| Untracked 
| 151|0x00000000abb00000, 0x00000000abb00000, 0x00000000abc00000|  0%| F|  |TAMS 0x00000000abb00000, 0x00000000abb00000| Untracked 
| 152|0x00000000abc00000, 0x00000000abc00000, 0x00000000abd00000|  0%| F|  |TAMS 0x00000000abc00000, 0x00000000abc00000| Untracked 
| 153|0x00000000abd00000, 0x00000000abd00000, 0x00000000abe00000|  0%| F|  |TAMS 0x00000000abd00000, 0x00000000abd00000| Untracked 
| 154|0x00000000abe00000, 0x00000000abe00000, 0x00000000abf00000|  0%| F|  |TAMS 0x00000000abe00000, 0x00000000abe00000| Untracked 
| 155|0x00000000abf00000, 0x00000000abf00000, 0x00000000ac000000|  0%| F|  |TAMS 0x00000000abf00000, 0x00000000abf00000| Untracked 
| 156|0x00000000ac000000, 0x00000000ac000000, 0x00000000ac100000|  0%| F|  |TAMS 0x00000000ac000000, 0x00000000ac000000| Untracked 
| 157|0x00000000ac100000, 0x00000000ac100000, 0x00000000ac200000|  0%| F|  |TAMS 0x00000000ac100000, 0x00000000ac100000| Untracked 
| 158|0x00000000ac200000, 0x00000000ac200000, 0x00000000ac300000|  0%| F|  |TAMS 0x00000000ac200000, 0x00000000ac200000| Untracked 
| 159|0x00000000ac300000, 0x00000000ac300000, 0x00000000ac400000|  0%| F|  |TAMS 0x00000000ac300000, 0x00000000ac300000| Untracked 
| 160|0x00000000ac400000, 0x00000000ac400000, 0x00000000ac500000|  0%| F|  |TAMS 0x00000000ac400000, 0x00000000ac400000| Untracked 
| 161|0x00000000ac500000, 0x00000000ac500000, 0x00000000ac600000|  0%| F|  |TAMS 0x00000000ac500000, 0x00000000ac500000| Untracked 
| 162|0x00000000ac600000, 0x00000000ac600000, 0x00000000ac700000|  0%| F|  |TAMS 0x00000000ac600000, 0x00000000ac600000| Untracked 
| 163|0x00000000ac700000, 0x00000000ac700000, 0x00000000ac800000|  0%| F|  |TAMS 0x00000000ac700000, 0x00000000ac700000| Untracked 
| 164|0x00000000ac800000, 0x00000000ac800000, 0x00000000ac900000|  0%| F|  |TAMS 0x00000000ac800000, 0x00000000ac800000| Untracked 
| 165|0x00000000ac900000, 0x00000000ac900000, 0x00000000aca00000|  0%| F|  |TAMS 0x00000000ac900000, 0x00000000ac900000| Untracked 
| 166|0x00000000aca00000, 0x00000000aca00000, 0x00000000acb00000|  0%| F|  |TAMS 0x00000000aca00000, 0x00000000aca00000| Untracked 
| 167|0x00000000acb00000, 0x00000000acb00000, 0x00000000acc00000|  0%| F|  |TAMS 0x00000000acb00000, 0x00000000acb00000| Untracked 
| 168|0x00000000acc00000, 0x00000000acc00000, 0x00000000acd00000|  0%| F|  |TAMS 0x00000000acc00000, 0x00000000acc00000| Untracked 
| 169|0x00000000acd00000, 0x00000000acd00000, 0x00000000ace00000|  0%| F|  |TAMS 0x00000000acd00000, 0x00000000acd00000| Untracked 
| 170|0x00000000ace00000, 0x00000000ace00000, 0x00000000acf00000|  0%| F|  |TAMS 0x00000000ace00000, 0x00000000ace00000| Untracked 
| 171|0x00000000acf00000, 0x00000000acf00000, 0x00000000ad000000|  0%| F|  |TAMS 0x00000000acf00000, 0x00000000acf00000| Untracked 
| 172|0x00000000ad000000, 0x00000000ad000000, 0x00000000ad100000|  0%| F|  |TAMS 0x00000000ad000000, 0x00000000ad000000| Untracked 
| 173|0x00000000ad100000, 0x00000000ad100000, 0x00000000ad200000|  0%| F|  |TAMS 0x00000000ad100000, 0x00000000ad100000| Untracked 
| 174|0x00000000ad200000, 0x00000000ad200000, 0x00000000ad300000|  0%| F|  |TAMS 0x00000000ad200000, 0x00000000ad200000| Untracked 
| 175|0x00000000ad300000, 0x00000000ad300000, 0x00000000ad400000|  0%| F|  |TAMS 0x00000000ad300000, 0x00000000ad300000| Untracked 
| 176|0x00000000ad400000, 0x00000000ad400000, 0x00000000ad500000|  0%| F|  |TAMS 0x00000000ad400000, 0x00000000ad400000| Untracked 
| 177|0x00000000ad500000, 0x00000000ad500000, 0x00000000ad600000|  0%| F|  |TAMS 0x00000000ad500000, 0x00000000ad500000| Untracked 
| 178|0x00000000ad600000, 0x00000000ad600000, 0x00000000ad700000|  0%| F|  |TAMS 0x00000000ad600000, 0x00000000ad600000| Untracked 
| 179|0x00000000ad700000, 0x00000000ad700000, 0x00000000ad800000|  0%| F|  |TAMS 0x00000000ad700000, 0x00000000ad700000| Untracked 
| 180|0x00000000ad800000, 0x00000000ad800000, 0x00000000ad900000|  0%| F|  |TAMS 0x00000000ad800000, 0x00000000ad800000| Untracked 
| 181|0x00000000ad900000, 0x00000000ad900000, 0x00000000ada00000|  0%| F|  |TAMS 0x00000000ad900000, 0x00000000ad900000| Untracked 
| 182|0x00000000ada00000, 0x00000000ada00000, 0x00000000adb00000|  0%| F|  |TAMS 0x00000000ada00000, 0x00000000ada00000| Untracked 
| 183|0x00000000adb00000, 0x00000000adb00000, 0x00000000adc00000|  0%| F|  |TAMS 0x00000000adb00000, 0x00000000adb00000| Untracked 
| 184|0x00000000adc00000, 0x00000000adc00000, 0x00000000add00000|  0%| F|  |TAMS 0x00000000adc00000, 0x00000000adc00000| Untracked 
| 185|0x00000000add00000, 0x00000000add00000, 0x00000000ade00000|  0%| F|  |TAMS 0x00000000add00000, 0x00000000add00000| Untracked 
| 186|0x00000000ade00000, 0x00000000ade00000, 0x00000000adf00000|  0%| F|  |TAMS 0x00000000ade00000, 0x00000000ade00000| Untracked 
| 187|0x00000000adf00000, 0x00000000adf00000, 0x00000000ae000000|  0%| F|  |TAMS 0x00000000adf00000, 0x00000000adf00000| Untracked 
| 188|0x00000000ae000000, 0x00000000ae000000, 0x00000000ae100000|  0%| F|  |TAMS 0x00000000ae000000, 0x00000000ae000000| Untracked 
| 189|0x00000000ae100000, 0x00000000ae100000, 0x00000000ae200000|  0%| F|  |TAMS 0x00000000ae100000, 0x00000000ae100000| Untracked 
| 190|0x00000000ae200000, 0x00000000ae200000, 0x00000000ae300000|  0%| F|  |TAMS 0x00000000ae200000, 0x00000000ae200000| Untracked 
| 191|0x00000000ae300000, 0x00000000ae300000, 0x00000000ae400000|  0%| F|  |TAMS 0x00000000ae300000, 0x00000000ae300000| Untracked 
| 192|0x00000000ae400000, 0x00000000ae400000, 0x00000000ae500000|  0%| F|  |TAMS 0x00000000ae400000, 0x00000000ae400000| Untracked 
| 193|0x00000000ae500000, 0x00000000ae500000, 0x00000000ae600000|  0%| F|  |TAMS 0x00000000ae500000, 0x00000000ae500000| Untracked 
| 194|0x00000000ae600000, 0x00000000ae600000, 0x00000000ae700000|  0%| F|  |TAMS 0x00000000ae600000, 0x00000000ae600000| Untracked 
| 195|0x00000000ae700000, 0x00000000ae700000, 0x00000000ae800000|  0%| F|  |TAMS 0x00000000ae700000, 0x00000000ae700000| Untracked 
| 196|0x00000000ae800000, 0x00000000ae800000, 0x00000000ae900000|  0%| F|  |TAMS 0x00000000ae800000, 0x00000000ae800000| Untracked 
| 197|0x00000000ae900000, 0x00000000ae900000, 0x00000000aea00000|  0%| F|  |TAMS 0x00000000ae900000, 0x00000000ae900000| Untracked 
| 198|0x00000000aea00000, 0x00000000aea00000, 0x00000000aeb00000|  0%| F|  |TAMS 0x00000000aea00000, 0x00000000aea00000| Untracked 
| 199|0x00000000aeb00000, 0x00000000aeb00000, 0x00000000aec00000|  0%| F|  |TAMS 0x00000000aeb00000, 0x00000000aeb00000| Untracked 
| 200|0x00000000aec00000, 0x00000000aec00000, 0x00000000aed00000|  0%| F|  |TAMS 0x00000000aec00000, 0x00000000aec00000| Untracked 
| 201|0x00000000aed00000, 0x00000000aed00000, 0x00000000aee00000|  0%| F|  |TAMS 0x00000000aed00000, 0x00000000aed00000| Untracked 
| 202|0x00000000aee00000, 0x00000000aee00000, 0x00000000aef00000|  0%| F|  |TAMS 0x00000000aee00000, 0x00000000aee00000| Untracked 
| 203|0x00000000aef00000, 0x00000000aef00000, 0x00000000af000000|  0%| F|  |TAMS 0x00000000aef00000, 0x00000000aef00000| Untracked 
| 204|0x00000000af000000, 0x00000000af000000, 0x00000000af100000|  0%| F|  |TAMS 0x00000000af000000, 0x00000000af000000| Untracked 
| 205|0x00000000af100000, 0x00000000af100000, 0x00000000af200000|  0%| F|  |TAMS 0x00000000af100000, 0x00000000af100000| Untracked 
| 206|0x00000000af200000, 0x00000000af200000, 0x00000000af300000|  0%| F|  |TAMS 0x00000000af200000, 0x00000000af200000| Untracked 
| 207|0x00000000af300000, 0x00000000af300000, 0x00000000af400000|  0%| F|  |TAMS 0x00000000af300000, 0x00000000af300000| Untracked 
| 208|0x00000000af400000, 0x00000000af400000, 0x00000000af500000|  0%| F|  |TAMS 0x00000000af400000, 0x00000000af400000| Untracked 
| 209|0x00000000af500000, 0x00000000af500000, 0x00000000af600000|  0%| F|  |TAMS 0x00000000af500000, 0x00000000af500000| Untracked 
| 210|0x00000000af600000, 0x00000000af600000, 0x00000000af700000|  0%| F|  |TAMS 0x00000000af600000, 0x00000000af600000| Untracked 
| 211|0x00000000af700000, 0x00000000af700000, 0x00000000af800000|  0%| F|  |TAMS 0x00000000af700000, 0x00000000af700000| Untracked 
| 212|0x00000000af800000, 0x00000000af800000, 0x00000000af900000|  0%| F|  |TAMS 0x00000000af800000, 0x00000000af800000| Untracked 
| 213|0x00000000af900000, 0x00000000af900000, 0x00000000afa00000|  0%| F|  |TAMS 0x00000000af900000, 0x00000000af900000| Untracked 
| 214|0x00000000afa00000, 0x00000000afa00000, 0x00000000afb00000|  0%| F|  |TAMS 0x00000000afa00000, 0x00000000afa00000| Untracked 
| 215|0x00000000afb00000, 0x00000000afb00000, 0x00000000afc00000|  0%| F|  |TAMS 0x00000000afb00000, 0x00000000afb00000| Untracked 
| 216|0x00000000afc00000, 0x00000000afc00000, 0x00000000afd00000|  0%| F|  |TAMS 0x00000000afc00000, 0x00000000afc00000| Untracked 
| 217|0x00000000afd00000, 0x00000000afd00000, 0x00000000afe00000|  0%| F|  |TAMS 0x00000000afd00000, 0x00000000afd00000| Untracked 
| 218|0x00000000afe00000, 0x00000000afe00000, 0x00000000aff00000|  0%| F|  |TAMS 0x00000000afe00000, 0x00000000afe00000| Untracked 
| 219|0x00000000aff00000, 0x00000000aff00000, 0x00000000b0000000|  0%| F|  |TAMS 0x00000000aff00000, 0x00000000aff00000| Untracked 
| 220|0x00000000b0000000, 0x00000000b0000000, 0x00000000b0100000|  0%| F|  |TAMS 0x00000000b0000000, 0x00000000b0000000| Untracked 
| 221|0x00000000b0100000, 0x00000000b0100000, 0x00000000b0200000|  0%| F|  |TAMS 0x00000000b0100000, 0x00000000b0100000| Untracked 
| 222|0x00000000b0200000, 0x00000000b0200000, 0x00000000b0300000|  0%| F|  |TAMS 0x00000000b0200000, 0x00000000b0200000| Untracked 
| 223|0x00000000b0300000, 0x00000000b0300000, 0x00000000b0400000|  0%| F|  |TAMS 0x00000000b0300000, 0x00000000b0300000| Untracked 
| 224|0x00000000b0400000, 0x00000000b0400000, 0x00000000b0500000|  0%| F|  |TAMS 0x00000000b0400000, 0x00000000b0400000| Untracked 
| 225|0x00000000b0500000, 0x00000000b0500000, 0x00000000b0600000|  0%| F|  |TAMS 0x00000000b0500000, 0x00000000b0500000| Untracked 
| 226|0x00000000b0600000, 0x00000000b0600000, 0x00000000b0700000|  0%| F|  |TAMS 0x00000000b0600000, 0x00000000b0600000| Untracked 
| 227|0x00000000b0700000, 0x00000000b0700000, 0x00000000b0800000|  0%| F|  |TAMS 0x00000000b0700000, 0x00000000b0700000| Untracked 
| 228|0x00000000b0800000, 0x00000000b0800000, 0x00000000b0900000|  0%| F|  |TAMS 0x00000000b0800000, 0x00000000b0800000| Untracked 
| 229|0x00000000b0900000, 0x00000000b0900000, 0x00000000b0a00000|  0%| F|  |TAMS 0x00000000b0900000, 0x00000000b0900000| Untracked 

Card table byte_map: [0x000001bed00e0000,0x000001bed03d0000] _byte_map_base: 0x000001becfbce000

Marking Bits (Prev, Next): (CMBitMap*) 0x000001bec4f4c710, (CMBitMap*) 0x000001bec4f4c750
 Prev Bits: [0x000001bed06c0000, 0x000001bed1e30000)
 Next Bits: [0x000001bed1e30000, 0x000001bed35a0000)

Polling page: 0x000001bec46c0000

Metaspace:

Usage:
  Non-class:     70.92 MB used.
      Class:     11.69 MB used.
       Both:     82.60 MB used.

Virtual space:
  Non-class space:      128.00 MB reserved,      71.31 MB ( 56%) committed,  2 nodes.
      Class space:        1.00 GB reserved,      12.00 MB (  1%) committed,  1 nodes.
             Both:        1.12 GB reserved,      83.31 MB (  7%) committed. 

Chunk freelists:
   Non-Class:  7.97 MB
       Class:  3.91 MB
        Both:  11.88 MB

MaxMetaspaceSize: unlimited
CompressedClassSpaceSize: 1.00 GB
Initial GC threshold: 21.00 MB
Current GC threshold: 115.25 MB
CDS: on
MetaspaceReclaimPolicy: balanced
 - commit_granule_bytes: 65536.
 - commit_granule_words: 8192.
 - virtual_space_node_default_size: 8388608.
 - enlarge_chunks_in_place: 1.
 - new_chunks_are_fully_committed: 0.
 - uncommit_free_chunks: 1.
 - use_allocation_guard: 0.
 - handle_deallocations: 1.


Internal statistics:

num_allocs_failed_limit: 9.
num_arena_births: 1020.
num_arena_deaths: 0.
num_vsnodes_births: 3.
num_vsnodes_deaths: 0.
num_space_committed: 1333.
num_space_uncommitted: 0.
num_chunks_returned_to_freelist: 9.
num_chunks_taken_from_freelist: 3972.
num_chunk_merges: 6.
num_chunk_splits: 2933.
num_chunks_enlarged: 2272.
num_purges: 0.
num_inconsistent_stats: 0.

CodeCache: size=49152Kb used=15476Kb max_used=16542Kb free=33675Kb
 bounds [0x000001becc790000, 0x000001becd7c0000, 0x000001becf790000]
 total_blobs=8839 nmethods=8079 adapters=684
 compilation: enabled
              stopped_count=0, restarted_count=0
 full_count=0

Compilation events (20 events):
Event: 57.136 Thread 0x000001bed658c750 nmethod 8162 0x000001becd411e10 code [0x000001becd411fa0, 0x000001becd412178]
Event: 57.136 Thread 0x000001bedb27d180 nmethod 8163 0x000001becd411a10 code [0x000001becd411ba0, 0x000001becd411cd8]
Event: 57.136 Thread 0x000001bed694f100 8165       1       java.nio.charset.Charset::forName (20 bytes)
Event: 57.136 Thread 0x000001bed658c750 8164       1       java.nio.charset.Charset::lookup (44 bytes)
Event: 57.136 Thread 0x000001bedb27d180 8166       1       org.apache.jasper.compiler.SmapUtil$SDEInstaller::readU2 (15 bytes)
Event: 57.136 Thread 0x000001bed694f100 nmethod 8165 0x000001becd411610 code [0x000001becd4117c0, 0x000001becd411938]
Event: 57.136 Thread 0x000001bed694f100 8171       1       org.apache.jasper.compiler.SmapUtil$SDEInstaller::copy (46 bytes)
Event: 57.136 Thread 0x000001bedb27d180 nmethod 8166 0x000001becd411210 code [0x000001becd4113a0, 0x000001becd4114d8]
Event: 57.136 Thread 0x000001bedb27d180 8167       1       org.apache.jasper.compiler.SmapUtil$SDEInstaller::writeU2 (18 bytes)
Event: 57.136 Thread 0x000001bed658c750 nmethod 8164 0x000001becd410c90 code [0x000001becd410e60, 0x000001becd4110c8]
Event: 57.136 Thread 0x000001bed658c750 8168       1       java.lang.String::<init> (10 bytes)
Event: 57.136 Thread 0x000001bed694f100 nmethod 8171 0x000001becd410890 code [0x000001becd410a20, 0x000001becd410b78]
Event: 57.136 Thread 0x000001bedb27d180 nmethod 8167 0x000001becd410490 code [0x000001becd410620, 0x000001becd410758]
Event: 57.136 Thread 0x000001bedb27d180 8169       1       java.lang.String::<init> (13 bytes)
Event: 57.136 Thread 0x000001bed694f100 8170   !   1       java.lang.String::lookupCharset (20 bytes)
Event: 57.136 Thread 0x000001bed658c750 nmethod 8168 0x000001becd40fc10 code [0x000001becd40fe00, 0x000001becd4101e8]
Event: 57.136 Thread 0x000001bed694f100 nmethod 8170 0x000001becd40f510 code [0x000001becd40f6e0, 0x000001becd40fa18]
Event: 57.136 Thread 0x000001bed658c750 8172  s    1       java.io.FileDescriptor::attach (73 bytes)
Event: 57.136 Thread 0x000001bedb27d180 nmethod 8169 0x000001becd40ed10 code [0x000001becd40eee0, 0x000001becd40f2a8]
Event: 57.137 Thread 0x000001bed658c750 nmethod 8172 0x000001becd40e390 code [0x000001becd40e560, 0x000001becd40ea88]

GC Heap History (20 events):
Event: 3.899 GC heap after
{Heap after GC invocations=18 (full 0):
 garbage-first heap   total 73728K, used 33728K [0x00000000a2400000, 0x0000000100000000)
  region size 1024K, 3 young (3072K), 3 survivors (3072K)
 Metaspace       used 68101K, committed 68736K, reserved 1114112K
  class space    used 9945K, committed 10240K, reserved 1048576K
}
Event: 3.999 GC heap before
{Heap before GC invocations=18 (full 0):
 garbage-first heap   total 73728K, used 56256K [0x00000000a2400000, 0x0000000100000000)
  region size 1024K, 26 young (26624K), 3 survivors (3072K)
 Metaspace       used 69885K, committed 70528K, reserved 1114112K
  class space    used 10196K, committed 10496K, reserved 1048576K
}
Event: 4.001 GC heap after
{Heap after GC invocations=19 (full 0):
 garbage-first heap   total 89088K, used 35844K [0x00000000a2400000, 0x0000000100000000)
  region size 1024K, 3 young (3072K), 3 survivors (3072K)
 Metaspace       used 69885K, committed 70528K, reserved 1114112K
  class space    used 10196K, committed 10496K, reserved 1048576K
}
Event: 4.050 GC heap before
{Heap before GC invocations=19 (full 0):
 garbage-first heap   total 89088K, used 70660K [0x00000000a2400000, 0x0000000100000000)
  region size 1024K, 37 young (37888K), 3 survivors (3072K)
 Metaspace       used 69897K, committed 70528K, reserved 1114112K
  class space    used 10197K, committed 10496K, reserved 1048576K
}
Event: 4.053 GC heap after
{Heap after GC invocations=20 (full 0):
 garbage-first heap   total 89088K, used 40043K [0x00000000a2400000, 0x0000000100000000)
  region size 1024K, 5 young (5120K), 5 survivors (5120K)
 Metaspace       used 69897K, committed 70528K, reserved 1114112K
  class space    used 10197K, committed 10496K, reserved 1048576K
}
Event: 4.083 GC heap before
{Heap before GC invocations=20 (full 0):
 garbage-first heap   total 89088K, used 67691K [0x00000000a2400000, 0x0000000100000000)
  region size 1024K, 32 young (32768K), 5 survivors (5120K)
 Metaspace       used 69898K, committed 70528K, reserved 1114112K
  class space    used 10197K, committed 10496K, reserved 1048576K
}
Event: 4.092 GC heap after
{Heap after GC invocations=21 (full 0):
 garbage-first heap   total 89088K, used 47183K [0x00000000a2400000, 0x0000000100000000)
  region size 1024K, 4 young (4096K), 4 survivors (4096K)
 Metaspace       used 69898K, committed 70528K, reserved 1114112K
  class space    used 10197K, committed 10496K, reserved 1048576K
}
Event: 4.150 GC heap before
{Heap before GC invocations=21 (full 0):
 garbage-first heap   total 89088K, used 66639K [0x00000000a2400000, 0x0000000100000000)
  region size 1024K, 23 young (23552K), 4 survivors (4096K)
 Metaspace       used 70067K, committed 70784K, reserved 1114112K
  class space    used 10222K, committed 10560K, reserved 1048576K
}
Event: 4.154 GC heap after
{Heap after GC invocations=22 (full 0):
 garbage-first heap   total 89088K, used 50022K [0x00000000a2400000, 0x0000000100000000)
  region size 1024K, 3 young (3072K), 3 survivors (3072K)
 Metaspace       used 70067K, committed 70784K, reserved 1114112K
  class space    used 10222K, committed 10560K, reserved 1048576K
}
Event: 4.177 GC heap before
{Heap before GC invocations=22 (full 0):
 garbage-first heap   total 117760K, used 68454K [0x00000000a2400000, 0x0000000100000000)
  region size 1024K, 21 young (21504K), 3 survivors (3072K)
 Metaspace       used 70067K, committed 70784K, reserved 1114112K
  class space    used 10222K, committed 10560K, reserved 1048576K
}
Event: 4.182 GC heap after
{Heap after GC invocations=23 (full 0):
 garbage-first heap   total 235520K, used 54928K [0x00000000a2400000, 0x0000000100000000)
  region size 1024K, 3 young (3072K), 3 survivors (3072K)
 Metaspace       used 70067K, committed 70784K, reserved 1114112K
  class space    used 10222K, committed 10560K, reserved 1048576K
}
Event: 4.347 GC heap before
{Heap before GC invocations=24 (full 0):
 garbage-first heap   total 235520K, used 162448K [0x00000000a2400000, 0x0000000100000000)
  region size 1024K, 107 young (109568K), 3 survivors (3072K)
 Metaspace       used 70067K, committed 70784K, reserved 1114112K
  class space    used 10222K, committed 10560K, reserved 1048576K
}
Event: 4.365 GC heap after
{Heap after GC invocations=25 (full 0):
 garbage-first heap   total 235520K, used 77094K [0x00000000a2400000, 0x0000000100000000)
  region size 1024K, 14 young (14336K), 14 survivors (14336K)
 Metaspace       used 70067K, committed 70784K, reserved 1114112K
  class space    used 10222K, committed 10560K, reserved 1048576K
}
Event: 4.368 GC heap before
{Heap before GC invocations=25 (full 0):
 garbage-first heap   total 235520K, used 78118K [0x00000000a2400000, 0x0000000100000000)
  region size 1024K, 15 young (15360K), 14 survivors (14336K)
 Metaspace       used 70067K, committed 70784K, reserved 1114112K
  class space    used 10222K, committed 10560K, reserved 1048576K
}
Event: 4.377 GC heap after
{Heap after GC invocations=26 (full 0):
 garbage-first heap   total 235520K, used 79872K [0x00000000a2400000, 0x0000000100000000)
  region size 1024K, 2 young (2048K), 2 survivors (2048K)
 Metaspace       used 70067K, committed 70784K, reserved 1114112K
  class space    used 10222K, committed 10560K, reserved 1048576K
}
Event: 4.467 GC heap before
{Heap before GC invocations=26 (full 0):
 garbage-first heap   total 235520K, used 159744K [0x00000000a2400000, 0x0000000100000000)
  region size 1024K, 80 young (81920K), 2 survivors (2048K)
 Metaspace       used 70067K, committed 70784K, reserved 1114112K
  class space    used 10222K, committed 10560K, reserved 1048576K
}
Event: 4.474 GC heap after
{Heap after GC invocations=27 (full 0):
 garbage-first heap   total 235520K, used 85566K [0x00000000a2400000, 0x0000000100000000)
  region size 1024K, 8 young (8192K), 8 survivors (8192K)
 Metaspace       used 70067K, committed 70784K, reserved 1114112K
  class space    used 10222K, committed 10560K, reserved 1048576K
}
Event: 4.802 GC heap before
{Heap before GC invocations=27 (full 0):
 garbage-first heap   total 235520K, used 166462K [0x00000000a2400000, 0x0000000100000000)
  region size 1024K, 87 young (89088K), 8 survivors (8192K)
 Metaspace       used 72156K, committed 72832K, reserved 1114112K
  class space    used 10577K, committed 10880K, reserved 1048576K
}
Event: 4.814 GC heap after
{Heap after GC invocations=28 (full 0):
 garbage-first heap   total 235520K, used 87874K [0x00000000a2400000, 0x0000000100000000)
  region size 1024K, 4 young (4096K), 4 survivors (4096K)
 Metaspace       used 72156K, committed 72832K, reserved 1114112K
  class space    used 10577K, committed 10880K, reserved 1048576K
}
Event: 57.149 GC heap before
{Heap before GC invocations=28 (full 0):
 garbage-first heap   total 235520K, used 172866K [0x00000000a2400000, 0x0000000100000000)
  region size 1024K, 88 young (90112K), 4 survivors (4096K)
 Metaspace       used 84586K, committed 85312K, reserved 1179648K
  class space    used 11966K, committed 12288K, reserved 1048576K
}

Deoptimization events (20 events):
Event: 0.828 Thread 0x000001bedb61dcf0 DEOPT PACKING pc=0x000001beccd4de99 sp=0x000000b1f7ffce30
Event: 0.828 Thread 0x000001bedb61dcf0 DEOPT UNPACKING pc=0x000001becc7e2b43 sp=0x000000b1f7ffc310 mode 3
Event: 0.939 Thread 0x000001bedb61dcf0 DEOPT PACKING pc=0x000001beccd8f8d5 sp=0x000000b1f7ffd530
Event: 0.939 Thread 0x000001bedb61dcf0 DEOPT UNPACKING pc=0x000001becc7e2b43 sp=0x000000b1f7ffc9d8 mode 3
Event: 1.532 Thread 0x000001bedb61dcf0 DEOPT PACKING pc=0x000001becd1a5a99 sp=0x000000b1f7ffc930
Event: 1.532 Thread 0x000001bedb61dcf0 DEOPT UNPACKING pc=0x000001becc7e2b43 sp=0x000000b1f7ffbe10 mode 3
Event: 2.000 Thread 0x000001bedb61dcf0 DEOPT PACKING pc=0x000001becd219d1d sp=0x000000b1f7ffc0c0
Event: 2.000 Thread 0x000001bedb61dcf0 DEOPT UNPACKING pc=0x000001becc7e2b43 sp=0x000000b1f7ffb628 mode 3
Event: 2.049 Thread 0x000001bedb61dcf0 DEOPT PACKING pc=0x000001beccd56a81 sp=0x000000b1f7ffe340
Event: 2.049 Thread 0x000001bedb61dcf0 DEOPT UNPACKING pc=0x000001becc7e2b43 sp=0x000000b1f7ffd7d0 mode 3
Event: 2.049 Thread 0x000001bedc1bcf60 DEOPT PACKING pc=0x000001becccc0b17 sp=0x000000b1f8eff210
Event: 2.049 Thread 0x000001bedc1bcf60 DEOPT UNPACKING pc=0x000001becc7e2b43 sp=0x000000b1f8efe668 mode 3
Event: 3.559 Thread 0x000001bedb61dcf0 DEOPT PACKING pc=0x000001beccdb35a2 sp=0x000000b1f7ffb810
Event: 3.559 Thread 0x000001bedb61dcf0 DEOPT UNPACKING pc=0x000001becc7e2b43 sp=0x000000b1f7ffad18 mode 3
Event: 3.626 Thread 0x000001bedb61dcf0 DEOPT PACKING pc=0x000001becd55ea3c sp=0x000000b1f7ffbe80
Event: 3.626 Thread 0x000001bedb61dcf0 DEOPT UNPACKING pc=0x000001becc7e2b43 sp=0x000000b1f7ffb3d8 mode 0
Event: 57.044 Thread 0x000001bedc1c0240 DEOPT PACKING pc=0x000001beccaeb14b sp=0x000000b1f90f78c0
Event: 57.044 Thread 0x000001bedc1c0240 DEOPT UNPACKING pc=0x000001becc7e2b43 sp=0x000000b1f90f6fb8 mode 3
Event: 57.081 Thread 0x000001bedc1c0240 DEOPT PACKING pc=0x000001beccac5136 sp=0x000000b1f90f7920
Event: 57.081 Thread 0x000001bedc1c0240 DEOPT UNPACKING pc=0x000001becc7e2b43 sp=0x000000b1f90f6df0 mode 3

Classes unloaded (0 events):
No events

Classes redefined (0 events):
No events

Internal exceptions (20 events):
Event: 56.461 Thread 0x000001bedc679aa0 Exception <a 'java/lang/NoSuchMethodError'{0x00000000ae5f31b8}: 'java.lang.Object java.lang.invoke.Invokers$Holder.linkToTargetMethod(java.lang.Object, java.lang.Object, java.lang.Object, long, java.lang.Object)'> (0x00000000ae5f31b8) 
thrown [s\open\src\hotspot\share\interpreter\linkResolver.cpp, line 759]
Event: 56.628 Thread 0x000001bedc1c0240 Exception <a 'java/lang/NoSuchMethodError'{0x00000000ade5bf80}: 'java.lang.Object java.lang.invoke.DirectMethodHandle$Holder.invokeStatic(java.lang.Object, int, int)'> (0x00000000ade5bf80) 
thrown [s\open\src\hotspot\share\interpreter\linkResolver.cpp, line 759]
Event: 56.729 Thread 0x000001bedc1c0240 Exception <a 'java/lang/ClassNotFoundException'{0x00000000ad6d8b08}: org/apache/taglibs/standard/tag/rt/core/UrlTagBeanInfo> (0x00000000ad6d8b08) 
thrown [s\open\src\hotspot\share\classfile\systemDictionary.cpp, line 256]
Event: 56.730 Thread 0x000001bedc1c0240 Exception <a 'java/lang/ClassNotFoundException'{0x00000000ad6e4a00}: org/apache/taglibs/standard/tag/common/core/UrlSupportBeanInfo> (0x00000000ad6e4a00) 
thrown [s\open\src\hotspot\share\classfile\systemDictionary.cpp, line 256]
Event: 56.730 Thread 0x000001bedc1c0240 Exception <a 'java/lang/ClassNotFoundException'{0x00000000ad6f0340}: jakarta/servlet/jsp/tagext/BodyTagSupportBeanInfo> (0x00000000ad6f0340) 
thrown [s\open\src\hotspot\share\classfile\systemDictionary.cpp, line 256]
Event: 56.731 Thread 0x000001bedc1c0240 Exception <a 'java/lang/ClassNotFoundException'{0x00000000ad6fbd20}: jakarta/servlet/jsp/tagext/TagSupportBeanInfo> (0x00000000ad6fbd20) 
thrown [s\open\src\hotspot\share\classfile\systemDictionary.cpp, line 256]
Event: 56.731 Thread 0x000001bedc1c0240 Exception <a 'java/lang/ClassNotFoundException'{0x00000000ad503360}: java/lang/ObjectBeanInfo> (0x00000000ad503360) 
thrown [s\open\src\hotspot\share\classfile\systemDictionary.cpp, line 256]
Event: 56.732 Thread 0x000001bedc1c0240 Exception <a 'java/lang/ClassNotFoundException'{0x00000000ad50b068}: java/lang/ObjectCustomizer> (0x00000000ad50b068) 
thrown [s\open\src\hotspot\share\classfile\systemDictionary.cpp, line 256]
Event: 56.734 Thread 0x000001bedc1c0240 Exception <a 'java/lang/ClassNotFoundException'{0x00000000ad51de78}: jakarta/servlet/jsp/tagext/TagSupportCustomizer> (0x00000000ad51de78) 
thrown [s\open\src\hotspot\share\classfile\systemDictionary.cpp, line 256]
Event: 56.736 Thread 0x000001bedc1c0240 Exception <a 'java/lang/ClassNotFoundException'{0x00000000ad535570}: jakarta/servlet/jsp/tagext/BodyTagSupportCustomizer> (0x00000000ad535570) 
thrown [s\open\src\hotspot\share\classfile\systemDictionary.cpp, line 256]
Event: 56.737 Thread 0x000001bedc1c0240 Exception <a 'java/lang/ClassNotFoundException'{0x00000000ad550750}: org/apache/taglibs/standard/tag/common/core/UrlSupportCustomizer> (0x00000000ad550750) 
thrown [s\open\src\hotspot\share\classfile\systemDictionary.cpp, line 256]
Event: 56.737 Thread 0x000001bedc1c0240 Exception <a 'java/lang/ClassNotFoundException'{0x00000000ad5673e8}: org/apache/taglibs/standard/tag/rt/core/UrlTagCustomizer> (0x00000000ad5673e8) 
thrown [s\open\src\hotspot\share\classfile\systemDictionary.cpp, line 256]
Event: 56.741 Thread 0x000001bedc1c0240 Exception <a 'java/lang/ClassNotFoundException'{0x00000000ad5c9058}: org/apache/taglibs/standard/tag/rt/core/IfTagBeanInfo> (0x00000000ad5c9058) 
thrown [s\open\src\hotspot\share\classfile\systemDictionary.cpp, line 256]
Event: 56.741 Thread 0x000001bedc1c0240 Exception <a 'java/lang/ClassNotFoundException'{0x00000000ad5d4d50}: jakarta/servlet/jsp/jstl/core/ConditionalTagSupportBeanInfo> (0x00000000ad5d4d50) 
thrown [s\open\src\hotspot\share\classfile\systemDictionary.cpp, line 256]
Event: 56.742 Thread 0x000001bedc1c0240 Exception <a 'java/lang/ClassNotFoundException'{0x00000000ad5e0ce8}: jakarta/servlet/jsp/jstl/core/ConditionalTagSupportCustomizer> (0x00000000ad5e0ce8) 
thrown [s\open\src\hotspot\share\classfile\systemDictionary.cpp, line 256]
Event: 56.742 Thread 0x000001bedc1c0240 Exception <a 'java/lang/ClassNotFoundException'{0x00000000ad5f28f0}: org/apache/taglibs/standard/tag/rt/core/IfTagCustomizer> (0x00000000ad5f28f0) 
thrown [s\open\src\hotspot\share\classfile\systemDictionary.cpp, line 256]
Event: 56.744 Thread 0x000001bedc1c0240 Exception <a 'java/lang/NoSuchMethodError'{0x00000000ad422d18}: 'java.lang.Object java.lang.invoke.DirectMethodHandle$Holder.invokeSpecial(java.lang.Object, java.lang.Object, java.lang.Object, int, int)'> (0x00000000ad422d18) 
thrown [s\open\src\hotspot\share\interpreter\linkResolver.cpp, line 759]
Event: 56.744 Thread 0x000001bedc1c0240 Exception <a 'java/lang/NoSuchMethodError'{0x00000000ad427568}: 'java.lang.Object java.lang.invoke.Invokers$Holder.linkToTargetMethod(java.lang.Object, int, int, java.lang.Object)'> (0x00000000ad427568) 
thrown [s\open\src\hotspot\share\interpreter\linkResolver.cpp, line 759]
Event: 57.044 Thread 0x000001bedc1c0240 Implicit null exception at 0x000001beccae8b6b to 0x000001beccaeb146
Event: 57.081 Thread 0x000001bedc1c0240 Implicit null exception at 0x000001beccac4f0d to 0x000001beccac5131

VM Operations (20 events):
Event: 56.477 Executing VM operation: Cleanup done
Event: 56.606 Executing VM operation: HandshakeAllThreads
Event: 56.606 Executing VM operation: HandshakeAllThreads done
Event: 56.610 Executing VM operation: HandshakeAllThreads
Event: 56.610 Executing VM operation: HandshakeAllThreads done
Event: 56.614 Executing VM operation: HandshakeAllThreads
Event: 56.615 Executing VM operation: HandshakeAllThreads done
Event: 56.618 Executing VM operation: HandshakeAllThreads
Event: 56.618 Executing VM operation: HandshakeAllThreads done
Event: 56.658 Executing VM operation: HandshakeAllThreads
Event: 56.658 Executing VM operation: HandshakeAllThreads done
Event: 56.716 Executing VM operation: HandshakeAllThreads
Event: 56.716 Executing VM operation: HandshakeAllThreads done
Event: 57.019 Executing VM operation: HandshakeAllThreads
Event: 57.019 Executing VM operation: HandshakeAllThreads done
Event: 57.044 Executing VM operation: HandshakeAllThreads
Event: 57.044 Executing VM operation: HandshakeAllThreads done
Event: 57.081 Executing VM operation: HandshakeAllThreads
Event: 57.082 Executing VM operation: HandshakeAllThreads done
Event: 57.149 Executing VM operation: G1CollectForAllocation

Events (20 events):
Event: 57.084 Thread 0x000001bed6598650 flushing nmethod 0x000001becd0f4990
Event: 57.085 Thread 0x000001bed6598650 flushing nmethod 0x000001becd142a10
Event: 57.085 Thread 0x000001bed6598650 flushing nmethod 0x000001becd15c190
Event: 57.085 Thread 0x000001bed6598650 flushing nmethod 0x000001becd1a4e90
Event: 57.085 Thread 0x000001bed6598650 flushing nmethod 0x000001becd1afc90
Event: 57.085 Thread 0x000001bed6598650 flushing nmethod 0x000001becd1e0190
Event: 57.085 Thread 0x000001bed6598650 flushing nmethod 0x000001becd217810
Event: 57.085 Thread 0x000001bed6598650 flushing nmethod 0x000001becd218390
Event: 57.086 Thread 0x000001bed6598650 flushing nmethod 0x000001becd317d10
Event: 57.086 Thread 0x000001bed6598650 flushing nmethod 0x000001becd31d490
Event: 57.086 Thread 0x000001bed6598650 flushing nmethod 0x000001becd339d10
Event: 57.086 Thread 0x000001bed6598650 flushing nmethod 0x000001becd33e310
Event: 57.086 Thread 0x000001bed6598650 flushing nmethod 0x000001becd347890
Event: 57.086 Thread 0x000001bed6598650 flushing nmethod 0x000001becd350290
Event: 57.086 Thread 0x000001bed6598650 flushing nmethod 0x000001becd3b6810
Event: 57.086 Thread 0x000001bed6598650 flushing nmethod 0x000001becd3fe610
Event: 57.086 Thread 0x000001bed6598650 flushing nmethod 0x000001becd40e390
Event: 57.086 Thread 0x000001bed6598650 flushing nmethod 0x000001becd40eb90
Event: 57.133 loading class java/util/Hashtable$ValueCollection
Event: 57.133 loading class java/util/Hashtable$ValueCollection done


Dynamic libraries:
0x00007ff7ae9e0000 - 0x00007ff7ae9f0000 	C:\Program Files\Java\jdk-17\bin\java.exe
0x00007fff27e10000 - 0x00007fff28027000 	C:\WINDOWS\SYSTEM32\ntdll.dll
0x00007fff265f0000 - 0x00007fff266b4000 	C:\WINDOWS\System32\KERNEL32.DLL
0x00007fff257a0000 - 0x00007fff25b4c000 	C:\WINDOWS\System32\KERNELBASE.dll
0x00007fff25680000 - 0x00007fff25791000 	C:\WINDOWS\System32\ucrtbase.dll
0x00007fff21b10000 - 0x00007fff21b29000 	C:\Program Files\Java\jdk-17\bin\jli.dll
0x00007fff12fb0000 - 0x00007fff12fcb000 	C:\Program Files\Java\jdk-17\bin\VCRUNTIME140.dll
0x00007fff26530000 - 0x00007fff265e2000 	C:\WINDOWS\System32\ADVAPI32.dll
0x00007fff26380000 - 0x00007fff26427000 	C:\WINDOWS\System32\msvcrt.dll
0x00007fff27a40000 - 0x00007fff27aea000 	C:\WINDOWS\System32\sechost.dll
0x00007fff25250000 - 0x00007fff25278000 	C:\WINDOWS\System32\bcrypt.dll
0x00007fff25f40000 - 0x00007fff26055000 	C:\WINDOWS\System32\RPCRT4.dll
0x00007fff269f0000 - 0x00007fff26b9e000 	C:\WINDOWS\System32\USER32.dll
0x00007fff253a0000 - 0x00007fff253c6000 	C:\WINDOWS\System32\win32u.dll
0x00007fff14850000 - 0x00007fff14ae3000 	C:\WINDOWS\WinSxS\amd64_microsoft.windows.common-controls_6595b64144ccf1df_6.0.22621.3672_none_2713b9d173822955\COMCTL32.dll
0x00007fff27bf0000 - 0x00007fff27c19000 	C:\WINDOWS\System32\GDI32.dll
0x00007fff25280000 - 0x00007fff25399000 	C:\WINDOWS\System32\gdi32full.dll
0x00007fff251b0000 - 0x00007fff2524a000 	C:\WINDOWS\System32\msvcp_win.dll
0x00007fff211d0000 - 0x00007fff211da000 	C:\WINDOWS\SYSTEM32\VERSION.dll
0x00007fff27c30000 - 0x00007fff27c61000 	C:\WINDOWS\System32\IMM32.DLL
0x00007fff13050000 - 0x00007fff1305c000 	C:\Program Files\Java\jdk-17\bin\vcruntime140_1.dll
0x00007ffef1190000 - 0x00007ffef121e000 	C:\Program Files\Java\jdk-17\bin\msvcp140.dll
0x00007ffea9600000 - 0x00007ffeaa1de000 	C:\Program Files\Java\jdk-17\bin\server\jvm.dll
0x00007fff26740000 - 0x00007fff26748000 	C:\WINDOWS\System32\PSAPI.DLL
0x00007fff01980000 - 0x00007fff01989000 	C:\WINDOWS\SYSTEM32\WSOCK32.dll
0x00007fff20ad0000 - 0x00007fff20b04000 	C:\WINDOWS\SYSTEM32\WINMM.dll
0x00007fff27c70000 - 0x00007fff27ce1000 	C:\WINDOWS\System32\WS2_32.dll
0x00007fff24220000 - 0x00007fff24238000 	C:\WINDOWS\SYSTEM32\kernel.appcore.dll
0x00007fff12fa0000 - 0x00007fff12faa000 	C:\Program Files\Java\jdk-17\bin\jimage.dll
0x00007fff22cb0000 - 0x00007fff22ee2000 	C:\WINDOWS\SYSTEM32\DBGHELP.DLL
0x00007fff25b50000 - 0x00007fff25ed8000 	C:\WINDOWS\System32\combase.dll
0x00007fff27cf0000 - 0x00007fff27dc7000 	C:\WINDOWS\System32\OLEAUT32.dll
0x00007fff0f1e0000 - 0x00007fff0f212000 	C:\WINDOWS\SYSTEM32\dbgcore.DLL
0x00007fff25600000 - 0x00007fff2567b000 	C:\WINDOWS\System32\bcryptPrimitives.dll
0x00007fff12e20000 - 0x00007fff12e2e000 	C:\Program Files\Java\jdk-17\bin\instrument.dll
0x00007fff12ea0000 - 0x00007fff12ec5000 	C:\Program Files\Java\jdk-17\bin\java.dll
0x00007ffed7b40000 - 0x00007ffed7c17000 	C:\Program Files\Java\jdk-17\bin\jsvml.dll
0x00007fff271c0000 - 0x00007fff27a1c000 	C:\WINDOWS\System32\SHELL32.dll
0x00007fff23050000 - 0x00007fff23947000 	C:\WINDOWS\SYSTEM32\windows.storage.dll
0x00007fff22f10000 - 0x00007fff2304f000 	C:\WINDOWS\SYSTEM32\wintypes.dll
0x00007fff26430000 - 0x00007fff26524000 	C:\WINDOWS\System32\SHCORE.dll
0x00007fff26c00000 - 0x00007fff26c5e000 	C:\WINDOWS\System32\shlwapi.dll
0x00007fff25070000 - 0x00007fff25091000 	C:\WINDOWS\SYSTEM32\profapi.dll
0x00007fff12d60000 - 0x00007fff12d78000 	C:\Program Files\Java\jdk-17\bin\zip.dll
0x00007fff12e80000 - 0x00007fff12e99000 	C:\Program Files\Java\jdk-17\bin\net.dll
0x00007fff21210000 - 0x00007fff21346000 	C:\WINDOWS\SYSTEM32\WINHTTP.dll
0x00007fff24680000 - 0x00007fff246e9000 	C:\WINDOWS\system32\mswsock.dll
0x00007fff12e60000 - 0x00007fff12e76000 	C:\Program Files\Java\jdk-17\bin\nio.dll
0x00007fff12de0000 - 0x00007fff12dfa000 	D:\IDE\IntelliJ\ideaIU-2023.2.6.win\bin\breakgen64.dll
0x00007fff23c90000 - 0x00007fff23d88000 	C:\WINDOWS\SYSTEM32\DNSAPI.dll
0x00007fff23c60000 - 0x00007fff23c8d000 	C:\WINDOWS\SYSTEM32\IPHLPAPI.DLL
0x00007fff27c20000 - 0x00007fff27c29000 	C:\WINDOWS\System32\NSI.dll
0x00007fff1d2c0000 - 0x00007fff1d2ca000 	C:\Windows\System32\rasadhlp.dll
0x00007fff20770000 - 0x00007fff207f3000 	C:\WINDOWS\System32\fwpuclnt.dll
0x00007fff12e10000 - 0x00007fff12e1a000 	C:\Program Files\Java\jdk-17\bin\management.dll
0x00007fff12e00000 - 0x00007fff12e0b000 	C:\Program Files\Java\jdk-17\bin\management_ext.dll
0x00007fff24920000 - 0x00007fff2493b000 	C:\WINDOWS\SYSTEM32\CRYPTSP.dll
0x00007fff24180000 - 0x00007fff241b5000 	C:\WINDOWS\system32\rsaenh.dll
0x00007fff24720000 - 0x00007fff24748000 	C:\WINDOWS\SYSTEM32\USERENV.dll
0x00007fff24890000 - 0x00007fff2489c000 	C:\WINDOWS\SYSTEM32\CRYPTBASE.dll
0x00007fff20e70000 - 0x00007fff20e89000 	C:\WINDOWS\SYSTEM32\dhcpcsvc6.DLL
0x00007fff20e50000 - 0x00007fff20e6f000 	C:\WINDOWS\SYSTEM32\dhcpcsvc.DLL
0x00007ffefd620000 - 0x00007ffefd637000 	C:\WINDOWS\system32\napinsp.dll
0x00007ffefb4a0000 - 0x00007ffefb4bb000 	C:\WINDOWS\system32\pnrpnsp.dll
0x00007ffefb400000 - 0x00007ffefb411000 	C:\WINDOWS\System32\winrnr.dll
0x00007ffefb390000 - 0x00007ffefb3a5000 	C:\WINDOWS\system32\wshbth.dll
0x00007ffefb280000 - 0x00007ffefb2a7000 	C:\WINDOWS\system32\nlansp_c.dll
0x00007fff12dd0000 - 0x00007fff12dde000 	C:\Program Files\Java\jdk-17\bin\sunmscapi.dll
0x00007fff25490000 - 0x00007fff255f7000 	C:\WINDOWS\System32\CRYPT32.dll
0x00007fff24ad0000 - 0x00007fff24afe000 	C:\WINDOWS\SYSTEM32\ncrypt.dll
0x00007fff24a90000 - 0x00007fff24ac7000 	C:\WINDOWS\SYSTEM32\NTASN1.dll
0x00007fff127b0000 - 0x00007fff127c0000 	C:\Program Files\Java\jdk-17\bin\verify.dll
0x00007fff130e0000 - 0x00007fff130e8000 	C:\WINDOWS\system32\wshunix.dll

dbghelp: loaded successfully - version: 4.0.5 - missing functions: none
symbol engine: initialized successfully - sym options: 0x614 - pdb path: .;C:\Program Files\Java\jdk-17\bin;C:\WINDOWS\SYSTEM32;C:\WINDOWS\WinSxS\amd64_microsoft.windows.common-controls_6595b64144ccf1df_6.0.22621.3672_none_2713b9d173822955;C:\Program Files\Java\jdk-17\bin\server;D:\IDE\IntelliJ\ideaIU-2023.2.6.win\bin

VM Arguments:
jvm_args: -XX:TieredStopAtLevel=1 -Dspring.output.ansi.enabled=always -Dcom.sun.management.jmxremote -Dspring.jmx.enabled=true -Dspring.liveBeansView.mbeanDomain -Dspring.application.admin.enabled=true -Dmanagement.endpoints.jmx.exposure.include=* -javaagent:D:\IDE\IntelliJ\ideaIU-2023.2.6.win\lib\idea_rt.jar=14985:D:\IDE\IntelliJ\ideaIU-2023.2.6.win\bin -Dfile.encoding=UTF-8 
java_command: com.poly.salestshirt.SalesTshirtWebappApplication
java_class_path (initial): D:\MON_HOC_O_TRUONG\JAVA_6\sales-tshirt-webapp\target\classes;C:\Users\ducan\.m2\repository\org\springframework\boot\spring-boot-starter-validation\3.3.0\spring-boot-starter-validation-3.3.0.jar;C:\Users\ducan\.m2\repository\org\springframework\boot\spring-boot-starter\3.3.0\spring-boot-starter-3.3.0.jar;C:\Users\ducan\.m2\repository\org\springframework\boot\spring-boot-starter-logging\3.3.0\spring-boot-starter-logging-3.3.0.jar;C:\Users\ducan\.m2\repository\ch\qos\logback\logback-classic\1.5.6\logback-classic-1.5.6.jar;C:\Users\ducan\.m2\repository\ch\qos\logback\logback-core\1.5.6\logback-core-1.5.6.jar;C:\Users\ducan\.m2\repository\org\apache\logging\log4j\log4j-to-slf4j\2.23.1\log4j-to-slf4j-2.23.1.jar;C:\Users\ducan\.m2\repository\org\apache\logging\log4j\log4j-api\2.23.1\log4j-api-2.23.1.jar;C:\Users\ducan\.m2\repository\org\slf4j\jul-to-slf4j\2.0.13\jul-to-slf4j-2.0.13.jar;C:\Users\ducan\.m2\repository\jakarta\annotation\jakarta.annotation-api\2.1.1\jakarta.annotation-api-2.1.1.jar;C:\Users\ducan\.m2\repository\org\yaml\snakeyaml\2.2\snakeyaml-2.2.jar;C:\Users\ducan\.m2\repository\org\apache\tomcat\embed\tomcat-embed-el\10.1.24\tomcat-embed-el-10.1.24.jar;C:\Users\ducan\.m2\repository\org\hibernate\validator\hibernate-validator\8.0.1.Final\hibernate-validator-8.0.1.Final.jar;C:\Users\ducan\.m2\repository\jakarta\validation\jakarta.validation-api\3.0.2\jakarta.validation-api-3.0.2.jar;C:\Users\ducan\.m2\repository\org\jboss\logging\jboss-logging\3.5.3.Final\jboss-logging-3.5.3.Final.jar;C:\Users\ducan\.m2\repository\com\fasterxml\classmate\1.7.0\classmate-1.7.0.jar;C:\Users\ducan\.m2\repository\org\springframework\boot\spring-boot-starter-web\3.3.0\spring-boot-starter-web-3.3.0.jar;C:\Users\ducan\.m2\repository\org\springframework\boot\spring-boot-starter-json\3.3.0\spring-boot-starter-json-3.3.0.jar;C:\Users\ducan\.m2\repository\com\fasterxml\jackson\core\jackson-databind\2.17.1\jackson-databind-2.17.1.jar;C:\Users\ducan\.m2\repos
Launcher Type: SUN_STANDARD

[Global flags]
     intx CICompilerCount                          = 12                                        {product} {ergonomic}
     uint ConcGCThreads                            = 3                                         {product} {ergonomic}
     uint G1ConcRefinementThreads                  = 13                                        {product} {ergonomic}
   size_t G1HeapRegionSize                         = 1048576                                   {product} {ergonomic}
    uintx GCDrainStackTargetSize                   = 64                                        {product} {ergonomic}
   size_t InitialHeapSize                          = 98566144                                  {product} {ergonomic}
     bool ManagementServer                         = true                                      {product} {command line}
   size_t MarkStackSize                            = 4194304                                   {product} {ergonomic}
   size_t MaxHeapSize                              = 1572864000                                {product} {ergonomic}
   size_t MaxNewSize                               = 943718400                                 {product} {ergonomic}
   size_t MinHeapDeltaBytes                        = 1048576                                   {product} {ergonomic}
   size_t MinHeapSize                              = 8388608                                   {product} {ergonomic}
    uintx NonProfiledCodeHeapSize                  = 0                                      {pd product} {ergonomic}
     bool ProfileInterpreter                       = false                                  {pd product} {command line}
    uintx ProfiledCodeHeapSize                     = 0                                      {pd product} {ergonomic}
   size_t SoftMaxHeapSize                          = 1572864000                             {manageable} {ergonomic}
     intx TieredStopAtLevel                        = 1                                         {product} {command line}
     bool UseCompressedClassPointers               = true                           {product lp64_product} {ergonomic}
     bool UseCompressedOops                        = true                           {product lp64_product} {ergonomic}
     bool UseG1GC                                  = true                                      {product} {ergonomic}
     bool UseLargePagesIndividualAllocation        = false                                  {pd product} {ergonomic}

Logging:
Log output configuration:
 #0: stdout all=warning uptime,level,tags
 #1: stderr all=off uptime,level,tags

Environment Variables:
JAVA_HOME=C:\Program Files\Java\jdk-17
PATH=C:\Windows\system32;C:\Windows;C:\Windows\System32\Wbem;C:\Windows\System32\WindowsPowerShell\v1.0\;C:\Windows\System32\OpenSSH\;C:\Program Files (x86)\NVIDIA Corporation\PhysX\Common;C:\Program Files\Common Files\Oracle\Java\javapath;C:\Program Files\Java\jdk-17\bin;C:\Program Files\Git\cmd;C:\Program Files\Azure Data Studio\bin;C:\Program Files\TortoiseGit\bin;D:\Program Files\node-v16.20.2-win-x64;D:\maven\apache-maven-3.9.6\bin;C:\Program Files\NVIDIA Corporation\NVIDIA NvDLISR;C:\Program Files (x86)\Microsoft SQL Server\150\Tools\Binn\;C:\Program Files\Microsoft SQL Server\150\Tools\Binn\;C:\Program Files (x86)\Microsoft SQL Server\150\DTS\Binn\;C:\Program Files\Microsoft SQL Server\150\DTS\Binn\;C:\Program Files\Microsoft SQL Server\Client SDK\ODBC\170\Tools\Binn\;C:\Program Files (x86)\Microsoft SQL Server\160\DTS\Binn\;C:\Program Files\Docker\Docker\resources\bin;C:\Users\ducan\AppData\Local\Microsoft\WindowsApps;C:\Users\ducan\AppData\Local\Programs\Microsoft VS Code\bin;C:\Program Files\Azure Data Studio\bin;C:\Program Files\JetBrains\IntelliJ IDEA 2020.3.4\bin;
USERNAME=ducan
OS=Windows_NT
PROCESSOR_IDENTIFIER=AMD64 Family 25 Model 80 Stepping 0, AuthenticAMD



---------------  S Y S T E M  ---------------

OS:
 Windows 11 , 64 bit Build 22621 (10.0.22621.3672)
OS uptime: 5 days 11:30 hours
Hyper-V role detected

CPU: total 16 (initial active 16) (16 cores per cpu, 2 threads per core) family 25 model 80 stepping 0 microcode 0x0, cx8, cmov, fxsr, ht, mmx, 3dnowpref, sse, sse2, sse3, ssse3, sse4a, sse4.1, sse4.2, popcnt, lzcnt, tsc, tscinvbit, avx, avx2, aes, erms, clmul, bmi1, bmi2, adx, sha, fma, vzeroupper, clflush, clflushopt, hv

Memory: 4k page, system-wide physical 5996M (315M free)
TotalPageFile size 24428M (AvailPageFile size 340M)
current process WorkingSet (physical memory assigned to process): 330M, peak: 376M
current process commit charge ("private bytes"): 474M, peak: 878M

vm_info: Java HotSpot(TM) 64-Bit Server VM (17.0.8+9-LTS-211) for windows-amd64 JRE (17.0.8+9-LTS-211), built on Jun 14 2023 10:34:31 by "mach5one" with MS VC++ 17.1 (VS2022)

END.
